<?xml version="1.0" encoding="utf-8"?><testsuite errors="0" failures="0" name="pytest" skipped="208" tests="1943" time="142.122"><testcase classname="aries_cloudagent.__init__" file="aries_cloudagent/__init__.py" line="-1" name="FLAKE8" time="0.161"></testcase><testcase classname="aries_cloudagent.version" file="aries_cloudagent/version.py" line="-1" name="FLAKE8" time="0.044"></testcase><testcase classname="aries_cloudagent.admin.__init__" file="aries_cloudagent/admin/__init__.py" line="-1" name="FLAKE8" time="0.097"></testcase><testcase classname="aries_cloudagent.admin.base_server" file="aries_cloudagent/admin/base_server.py" line="-1" name="FLAKE8" time="0.064"></testcase><testcase classname="aries_cloudagent.admin.error" file="aries_cloudagent/admin/error.py" line="-1" name="FLAKE8" time="0.046"></testcase><testcase classname="aries_cloudagent.admin.server" file="aries_cloudagent/admin/server.py" line="-1" name="FLAKE8" time="0.445"></testcase><testcase classname="aries_cloudagent.admin.tests.__init__" file="aries_cloudagent/admin/tests/__init__.py" line="-1" name="FLAKE8" time="0.039"></testcase><testcase classname="aries_cloudagent.admin.tests.test_admin_server" file="aries_cloudagent/admin/tests/test_admin_server.py" line="-1" name="FLAKE8" time="0.040"></testcase><testcase classname="aries_cloudagent.admin.tests.test_admin_server.TestAdminServer" file="aries_cloudagent/admin/tests/test_admin_server.py" line="38" name="test_debug_middleware" time="0.009"></testcase><testcase classname="aries_cloudagent.admin.tests.test_admin_server.TestAdminServer" file="aries_cloudagent/admin/tests/test_admin_server.py" line="215" name="test_import_routes" time="0.036"></testcase><testcase classname="aries_cloudagent.admin.tests.test_admin_server.TestAdminServer" file="aries_cloudagent/admin/tests/test_admin_server.py" line="57" name="test_ready_middleware" time="0.009"></testcase><testcase classname="aries_cloudagent.admin.tests.test_admin_server.TestAdminServer" file="aries_cloudagent/admin/tests/test_admin_server.py" line="224" name="test_register_external_plugin_x" time="0.013"></testcase><testcase classname="aries_cloudagent.admin.tests.test_admin_server.TestAdminServer" file="aries_cloudagent/admin/tests/test_admin_server.py" line="178" name="test_responder_send" time="0.003"></testcase><testcase classname="aries_cloudagent.admin.tests.test_admin_server.TestAdminServer" file="aries_cloudagent/admin/tests/test_admin_server.py" line="184" name="test_responder_webhook" time="0.008"></testcase><testcase classname="aries_cloudagent.admin.tests.test_admin_server.TestAdminServer" file="aries_cloudagent/admin/tests/test_admin_server.py" line="314" name="test_server_health_state" time="0.025"></testcase><testcase classname="aries_cloudagent.admin.tests.test_admin_server.TestAdminServer" file="aries_cloudagent/admin/tests/test_admin_server.py" line="142" name="test_start_stop" time="0.035"></testcase><testcase classname="aries_cloudagent.admin.tests.test_admin_server.TestAdminServer" file="aries_cloudagent/admin/tests/test_admin_server.py" line="233" name="test_visit_insecure_mode" time="0.036"></testcase><testcase classname="aries_cloudagent.admin.tests.test_admin_server.TestAdminServer" file="aries_cloudagent/admin/tests/test_admin_server.py" line="264" name="test_visit_secure_mode" time="0.023"></testcase><testcase classname="aries_cloudagent.admin.tests.test_admin_server.TestAdminServer" file="aries_cloudagent/admin/tests/test_admin_server.py" line="291" name="test_visit_shutting_down" time="0.024"><system-err>Exception ignored in: &lt;generator object Queue.get at 0x7ff90994f518&gt;
Traceback (most recent call last):
  File &quot;/usr/lib/python3.6/asyncio/queues.py&quot;, line 169, in get
    getter.cancel()  # Just in case getter is not done yet.
  File &quot;/usr/lib/python3.6/asyncio/base_events.py&quot;, line 591, in call_soon
    self._check_closed()
  File &quot;/usr/lib/python3.6/asyncio/base_events.py&quot;, line 377, in _check_closed
    raise RuntimeError(&apos;Event loop is closed&apos;)
RuntimeError: Event loop is closed
</system-err></testcase><testcase classname="aries_cloudagent.cache.__init__" file="aries_cloudagent/cache/__init__.py" line="-1" name="FLAKE8" time="0.045"></testcase><testcase classname="aries_cloudagent.cache.base" file="aries_cloudagent/cache/base.py" line="-1" name="FLAKE8" time="0.150"></testcase><testcase classname="aries_cloudagent.cache.basic" file="aries_cloudagent/cache/basic.py" line="-1" name="FLAKE8" time="0.080"></testcase><testcase classname="aries_cloudagent.cache.tests.__init__" file="aries_cloudagent/cache/tests/__init__.py" line="-1" name="FLAKE8" time="0.038"></testcase><testcase classname="aries_cloudagent.cache.tests.test_basic_cache" file="aries_cloudagent/cache/tests/test_basic_cache.py" line="-1" name="FLAKE8" time="0.039"></testcase><testcase classname="aries_cloudagent.cache.tests.test_basic_cache.TestBasicCache" file="aries_cloudagent/cache/tests/test_basic_cache.py" line="15" name="test_get_none" time="0.003"></testcase><testcase classname="aries_cloudagent.cache.tests.test_basic_cache.TestBasicCache" file="aries_cloudagent/cache/tests/test_basic_cache.py" line="20" name="test_get_valid" time="0.002"></testcase><testcase classname="aries_cloudagent.cache.tests.test_basic_cache.TestBasicCache" file="aries_cloudagent/cache/tests/test_basic_cache.py" line="25" name="test_set_str" time="0.002"></testcase><testcase classname="aries_cloudagent.cache.tests.test_basic_cache.TestBasicCache" file="aries_cloudagent/cache/tests/test_basic_cache.py" line="31" name="test_set_dict" time="0.003"></testcase><testcase classname="aries_cloudagent.cache.tests.test_basic_cache.TestBasicCache" file="aries_cloudagent/cache/tests/test_basic_cache.py" line="37" name="test_set_multi" time="0.002"></testcase><testcase classname="aries_cloudagent.cache.tests.test_basic_cache.TestBasicCache" file="aries_cloudagent/cache/tests/test_basic_cache.py" line="44" name="test_set_expires" time="0.053"></testcase><testcase classname="aries_cloudagent.cache.tests.test_basic_cache.TestBasicCache" file="aries_cloudagent/cache/tests/test_basic_cache.py" line="55" name="test_set_expires_multi" time="0.054"></testcase><testcase classname="aries_cloudagent.cache.tests.test_basic_cache.TestBasicCache" file="aries_cloudagent/cache/tests/test_basic_cache.py" line="68" name="test_flush" time="0.002"></testcase><testcase classname="aries_cloudagent.cache.tests.test_basic_cache.TestBasicCache" file="aries_cloudagent/cache/tests/test_basic_cache.py" line="73" name="test_clear" time="0.003"></testcase><testcase classname="aries_cloudagent.cache.tests.test_basic_cache.TestBasicCache" file="aries_cloudagent/cache/tests/test_basic_cache.py" line="80" name="test_acquire_release" time="0.002"></testcase><testcase classname="aries_cloudagent.cache.tests.test_basic_cache.TestBasicCache" file="aries_cloudagent/cache/tests/test_basic_cache.py" line="90" name="test_acquire_with_future" time="0.002"></testcase><testcase classname="aries_cloudagent.cache.tests.test_basic_cache.TestBasicCache" file="aries_cloudagent/cache/tests/test_basic_cache.py" line="103" name="test_acquire_release_with_waiter" time="0.003"></testcase><testcase classname="aries_cloudagent.cache.tests.test_basic_cache.TestBasicCache" file="aries_cloudagent/cache/tests/test_basic_cache.py" line="120" name="test_duplicate_set" time="0.002"></testcase><testcase classname="aries_cloudagent.cache.tests.test_basic_cache.TestBasicCache" file="aries_cloudagent/cache/tests/test_basic_cache.py" line="133" name="test_populated" time="0.002"></testcase><testcase classname="aries_cloudagent.cache.tests.test_basic_cache.TestBasicCache" file="aries_cloudagent/cache/tests/test_basic_cache.py" line="152" name="test_acquire_exception" time="0.003"></testcase><testcase classname="aries_cloudagent.cache.tests.test_basic_cache.TestBasicCache" file="aries_cloudagent/cache/tests/test_basic_cache.py" line="164" name="test_repr" time="0.002"></testcase><testcase classname="aries_cloudagent.commands.__init__" file="aries_cloudagent/commands/__init__.py" line="-1" name="FLAKE8" time="0.073"></testcase><testcase classname="aries_cloudagent.commands.help" file="aries_cloudagent/commands/help.py" line="-1" name="FLAKE8" time="0.074"></testcase><testcase classname="aries_cloudagent.commands.provision" file="aries_cloudagent/commands/provision.py" line="-1" name="FLAKE8" time="0.077"></testcase><testcase classname="aries_cloudagent.commands.start" file="aries_cloudagent/commands/start.py" line="-1" name="FLAKE8" time="0.109"></testcase><testcase classname="aries_cloudagent.commands.tests.__init__" file="aries_cloudagent/commands/tests/__init__.py" line="-1" name="FLAKE8" time="0.037"></testcase><testcase classname="aries_cloudagent.commands.tests.test_help" file="aries_cloudagent/commands/tests/test_help.py" line="-1" name="FLAKE8" time="0.037"></testcase><testcase classname="aries_cloudagent.commands.tests.test_help.TestHelp" file="aries_cloudagent/commands/tests/test_help.py" line="7" name="test_exec_help" time="0.012"></testcase><testcase classname="aries_cloudagent.commands.tests.test_help.TestHelp" file="aries_cloudagent/commands/tests/test_help.py" line="19" name="test_main" time="0.003"></testcase><testcase classname="aries_cloudagent.commands.tests.test_init" file="aries_cloudagent/commands/tests/test_init.py" line="-1" name="FLAKE8" time="0.034"></testcase><testcase classname="aries_cloudagent.commands.tests.test_init.TestInit" file="aries_cloudagent/commands/tests/test_init.py" line="7" name="test_available" time="0.003"></testcase><testcase classname="aries_cloudagent.commands.tests.test_init.TestInit" file="aries_cloudagent/commands/tests/test_init.py" line="11" name="test_run" time="0.004"></testcase><testcase classname="aries_cloudagent.commands.tests.test_provision" file="aries_cloudagent/commands/tests/test_provision.py" line="-1" name="FLAKE8" time="0.038"></testcase><testcase classname="aries_cloudagent.commands.tests.test_provision.TestProvision" file="aries_cloudagent/commands/tests/test_provision.py" line="8" name="test_bad_calls" time="0.019"><system-err>usage: pytest provision [-h] [--plugin &lt;module&gt;]
                        [--storage-type &lt;storage-type&gt;]
                        [-e &lt;endpoint&gt; [&lt;endpoint&gt; ...]]
                        [--profile-endpoint &lt;profile_endpoint&gt;]
                        [--read-only-ledger]
                        [--tails-server-base-url &lt;tails-server-base-url&gt;]
                        [--ledger-pool-name &lt;ledger-pool-name&gt;]
                        [--genesis-transactions &lt;genesis-transactions&gt;]
                        [--genesis-file &lt;genesis-file&gt;]
                        [--genesis-url &lt;genesis-url&gt;]
                        [--log-config &lt;path-to-config&gt;]
                        [--log-file &lt;log-file&gt;] [--log-level &lt;log-level&gt;]
                        [--seed &lt;wallet-seed&gt;] [--wallet-local-did]
                        [--wallet-key &lt;wallet-key&gt;]
                        [--wallet-rekey &lt;wallet-rekey&gt;]
                        [--wallet-name &lt;wallet-name&gt;]
                        [--wallet-type &lt;wallet-type&gt;]
                        [--wallet-storage-type &lt;storage-type&gt;]
                        [--wallet-storage-config &lt;storage-config&gt;]
                        [--wallet-storage-creds &lt;storage-creds&gt;]
                        [--replace-public-did]
pytest provision: error: unrecognized arguments: bad
</system-err></testcase><testcase classname="aries_cloudagent.commands.tests.test_provision.TestProvision" file="aries_cloudagent/commands/tests/test_provision.py" line="28" name="test_main" time="0.003"></testcase><testcase classname="aries_cloudagent.commands.tests.test_provision.TestProvision" file="aries_cloudagent/commands/tests/test_provision.py" line="20" name="test_provision_ledger_configured" time="0.013"><system-out>Ledger configured
</system-out></testcase><testcase classname="aries_cloudagent.commands.tests.test_provision.TestProvision" file="aries_cloudagent/commands/tests/test_provision.py" line="15" name="test_provision_wallet" time="0.001"><skipped message="test requires Indy support" type="pytest.skip">/usr/src/app/conftest.py:63: test requires Indy support</skipped></testcase><testcase classname="aries_cloudagent.commands.tests.test_start" file="aries_cloudagent/commands/tests/test_start.py" line="-1" name="FLAKE8" time="0.040"></testcase><testcase classname="aries_cloudagent.commands.tests.test_start.TestStart" file="aries_cloudagent/commands/tests/test_start.py" line="7" name="test_bad_args" time="0.008"><system-err>pytest start: error: the following arguments are required: -it/--inbound-transport, -ot/--outbound-transport
usage: pytest start [-h] [--admin &lt;host&gt; &lt;port&gt;] [--admin-api-key &lt;api-key&gt;]
                    [--admin-insecure-mode] [--no-receive-invites]
                    [--help-link &lt;help-url&gt;] [--webhook-url &lt;url&gt;] [--debug]
                    [--debug-seed &lt;debug-did-seed&gt;] [--debug-connections]
                    [--debug-credentials] [--debug-presentations] [--invite]
                    [--invite-role &lt;role&gt;] [--invite-label &lt;label&gt;]
                    [--invite-multi-use] [--invite-public]
                    [--test-suite-endpoint &lt;endpoint&gt;] [--auto-accept-invites]
                    [--auto-accept-requests] [--auto-respond-messages]
                    [--auto-respond-credential-proposal]
                    [--auto-respond-credential-offer]
                    [--auto-respond-credential-request]
                    [--auto-respond-presentation-proposal]
                    [--auto-respond-presentation-request]
                    [--auto-store-credential] [--auto-verify-presentation]
                    [--plugin &lt;module&gt;] [--storage-type &lt;storage-type&gt;]
                    [-e &lt;endpoint&gt; [&lt;endpoint&gt; ...]]
                    [--profile-endpoint &lt;profile_endpoint&gt;]
                    [--read-only-ledger]
                    [--tails-server-base-url &lt;tails-server-base-url&gt;]
                    [--ledger-pool-name &lt;ledger-pool-name&gt;]
                    [--genesis-transactions &lt;genesis-transactions&gt;]
                    [--genesis-file &lt;genesis-file&gt;]
                    [--genesis-url &lt;genesis-url&gt;]
                    [--log-config &lt;path-to-config&gt;] [--log-file &lt;log-file&gt;]
                    [--log-level &lt;log-level&gt;] [--auto-ping-connection]
                    [--invite-base-url &lt;base-url&gt;] [--monitor-ping]
                    [--public-invites] [--timing] [--timing-log &lt;log-path&gt;]
                    [--trace] [--trace-target &lt;trace-target&gt;]
                    [--trace-tag &lt;trace-tag&gt;] [--trace-label &lt;trace-label&gt;]
                    [--preserve-exchange-records] [--emit-new-didcomm-prefix]
                    [--exch-use-unencrypted-tags] -it &lt;module&gt; &lt;host&gt; &lt;port&gt;
                    -ot &lt;module&gt; [-l &lt;label&gt;]
                    [--max-message-size &lt;message-size&gt;]
                    [--enable-undelivered-queue]
                    [--max-outbound-retry MAX_OUTBOUND_RETRY]
                    [--seed &lt;wallet-seed&gt;] [--wallet-local-did]
                    [--wallet-key &lt;wallet-key&gt;]
                    [--wallet-rekey &lt;wallet-rekey&gt;]
                    [--wallet-name &lt;wallet-name&gt;]
                    [--wallet-type &lt;wallet-type&gt;]
                    [--wallet-storage-type &lt;storage-type&gt;]
                    [--wallet-storage-config &lt;storage-config&gt;]
                    [--wallet-storage-creds &lt;storage-creds&gt;]
                    [--replace-public-did]
pytest start: error: the following arguments are required: -it/--inbound-transport, -ot/--outbound-transport
</system-err></testcase><testcase classname="aries_cloudagent.commands.tests.test_start.TestStart" file="aries_cloudagent/commands/tests/test_start.py" line="18" name="test_exec_start" time="0.011"><system-err>2020-10-11 11:42:28,304 aries_cloudagent.utils.tracing INFO   {&quot;msg_id&quot;: &quot;N/A&quot;, &quot;thread_id&quot;: &quot;N/A&quot;, &quot;traced_type&quot;: &quot;NoneType&quot;, &quot;timestamp&quot;: 1602416548.3043478, &quot;str_time&quot;: &quot;2020-10-11 11:42:28.304348&quot;, &quot;handler&quot;: &quot;ArgParse&quot;, &quot;ellapsed_milli&quot;: 0, &quot;outcome&quot;: &quot;Successfully_configured_aca-py&quot;}
</system-err></testcase><testcase classname="aries_cloudagent.commands.tests.test_start.TestStart" file="aries_cloudagent/commands/tests/test_start.py" line="33" name="test_run_loop" time="0.048"></testcase><testcase classname="aries_cloudagent.config.__init__" file="aries_cloudagent/config/__init__.py" line="-1" name="FLAKE8" time="0.038"></testcase><testcase classname="aries_cloudagent.config.argparse" file="aries_cloudagent/config/argparse.py" line="-1" name="FLAKE8" time="0.479"></testcase><testcase classname="aries_cloudagent.config.base" file="aries_cloudagent/config/base.py" line="-1" name="FLAKE8" time="0.113"></testcase><testcase classname="aries_cloudagent.config.base_context" file="aries_cloudagent/config/base_context.py" line="-1" name="FLAKE8" time="0.055"></testcase><testcase classname="aries_cloudagent.config.default_context" file="aries_cloudagent/config/default_context.py" line="-1" name="FLAKE8" time="0.126"></testcase><testcase classname="aries_cloudagent.config.error" file="aries_cloudagent/config/error.py" line="-1" name="FLAKE8" time="0.047"></testcase><testcase classname="aries_cloudagent.config.injection_context" file="aries_cloudagent/config/injection_context.py" line="-1" name="FLAKE8" time="0.117"></testcase><testcase classname="aries_cloudagent.config.injector" file="aries_cloudagent/config/injector.py" line="-1" name="FLAKE8" time="0.113"></testcase><testcase classname="aries_cloudagent.config.ledger" file="aries_cloudagent/config/ledger.py" line="-1" name="FLAKE8" time="0.144"></testcase><testcase classname="aries_cloudagent.config.logging" file="aries_cloudagent/config/logging.py" line="-1" name="FLAKE8" time="0.242"></testcase><testcase classname="aries_cloudagent.config.provider" file="aries_cloudagent/config/provider.py" line="-1" name="FLAKE8" time="0.115"></testcase><testcase classname="aries_cloudagent.config.settings" file="aries_cloudagent/config/settings.py" line="-1" name="FLAKE8" time="0.098"></testcase><testcase classname="aries_cloudagent.config.util" file="aries_cloudagent/config/util.py" line="-1" name="FLAKE8" time="0.073"></testcase><testcase classname="aries_cloudagent.config.wallet" file="aries_cloudagent/config/wallet.py" line="-1" name="FLAKE8" time="0.092"></testcase><testcase classname="aries_cloudagent.config.tests.__init__" file="aries_cloudagent/config/tests/__init__.py" line="-1" name="FLAKE8" time="0.035"></testcase><testcase classname="aries_cloudagent.config.tests.test_argparse" file="aries_cloudagent/config/tests/test_argparse.py" line="-1" name="FLAKE8" time="0.040"></testcase><testcase classname="aries_cloudagent.config.tests.test_argparse.TestArgParse" file="aries_cloudagent/config/tests/test_argparse.py" line="56" name="test_bytesize" time="0.002"></testcase><testcase classname="aries_cloudagent.config.tests.test_argparse.TestArgParse" file="aries_cloudagent/config/tests/test_argparse.py" line="10" name="test_groups" time="0.004"></testcase><testcase classname="aries_cloudagent.config.tests.test_argparse.TestArgParse" file="aries_cloudagent/config/tests/test_argparse.py" line="23" name="test_transport_settings" time="0.004"><system-err>usage: pytest [-h] -it &lt;module&gt; &lt;host&gt; &lt;port&gt; -ot &lt;module&gt; [-l &lt;label&gt;]
              [--max-message-size &lt;message-size&gt;] [--enable-undelivered-queue]
              [--max-outbound-retry MAX_OUTBOUND_RETRY]
</system-err></testcase><testcase classname="aries_cloudagent.config.tests.test_default_context" file="aries_cloudagent/config/tests/test_default_context.py" line="-1" name="FLAKE8" time="0.037"></testcase><testcase classname="aries_cloudagent.config.tests.test_default_context.TestDefaultContext" file="aries_cloudagent/config/tests/test_default_context.py" line="14" name="test_build_context" time="0.020"></testcase><testcase classname="aries_cloudagent.config.tests.test_injection_context" file="aries_cloudagent/config/tests/test_injection_context.py" line="-1" name="FLAKE8" time="0.039"></testcase><testcase classname="aries_cloudagent.config.tests.test_injection_context.TestInjectionContext" file="aries_cloudagent/config/tests/test_injection_context.py" line="58" name="test_inject_scope" time="0.002"></testcase><testcase classname="aries_cloudagent.config.tests.test_injection_context.TestInjectionContext" file="aries_cloudagent/config/tests/test_injection_context.py" line="47" name="test_inject_simple" time="0.002"></testcase><testcase classname="aries_cloudagent.config.tests.test_injection_context.TestInjectionContext" file="aries_cloudagent/config/tests/test_injection_context.py" line="14" name="test_settings_init" time="0.001"></testcase><testcase classname="aries_cloudagent.config.tests.test_injection_context.TestInjectionContext" file="aries_cloudagent/config/tests/test_injection_context.py" line="38" name="test_settings_scope" time="0.001"></testcase><testcase classname="aries_cloudagent.config.tests.test_injection_context.TestInjectionContext" file="aries_cloudagent/config/tests/test_injection_context.py" line="21" name="test_simple_scope" time="0.002"></testcase><testcase classname="aries_cloudagent.config.tests.test_injector" file="aries_cloudagent/config/tests/test_injector.py" line="-1" name="FLAKE8" time="0.036"></testcase><testcase classname="aries_cloudagent.config.tests.test_injector.TestInjector" file="aries_cloudagent/config/tests/test_injector.py" line="73" name="test_bad_provider" time="0.002"></testcase><testcase classname="aries_cloudagent.config.tests.test_injector.TestInjector" file="aries_cloudagent/config/tests/test_injector.py" line="125" name="test_inject_cached" time="0.002"></testcase><testcase classname="aries_cloudagent.config.tests.test_injector.TestInjector" file="aries_cloudagent/config/tests/test_injector.py" line="85" name="test_inject_class" time="0.001"></testcase><testcase classname="aries_cloudagent.config.tests.test_injector.TestInjector" file="aries_cloudagent/config/tests/test_injector.py" line="105" name="test_inject_class_dependency" time="0.002"></testcase><testcase classname="aries_cloudagent.config.tests.test_injector.TestInjector" file="aries_cloudagent/config/tests/test_injector.py" line="95" name="test_inject_class_name" time="0.004"></testcase><testcase classname="aries_cloudagent.config.tests.test_injector.TestInjector" file="aries_cloudagent/config/tests/test_injector.py" line="57" name="test_inject_provider" time="0.001"></testcase><testcase classname="aries_cloudagent.config.tests.test_injector.TestInjector" file="aries_cloudagent/config/tests/test_injector.py" line="42" name="test_inject_simple" time="0.001"></testcase><testcase classname="aries_cloudagent.config.tests.test_injector.TestInjector" file="aries_cloudagent/config/tests/test_injector.py" line="52" name="test_inject_x" time="0.002"></testcase><testcase classname="aries_cloudagent.config.tests.test_injector.TestInjector" file="aries_cloudagent/config/tests/test_injector.py" line="36" name="test_settings_init" time="0.002"></testcase><testcase classname="aries_cloudagent.config.tests.test_ledger" file="aries_cloudagent/config/tests/test_ledger.py" line="-1" name="FLAKE8" time="0.038"></testcase><testcase classname="aries_cloudagent.config.tests.test_ledger.TestLedger" file="aries_cloudagent/config/tests/test_ledger.py" line="16" name="test_fetch_genesis_transactions" time="0.003"></testcase><testcase classname="aries_cloudagent.config.tests.test_ledger.TestLedger" file="aries_cloudagent/config/tests/test_ledger.py" line="22" name="test_fetch_genesis_transactions_x" time="0.002"></testcase><testcase classname="aries_cloudagent.config.tests.test_ledger.TestLedger" file="aries_cloudagent/config/tests/test_ledger.py" line="298" name="test_ledger_accept_taa" time="0.039"><system-out>#x1B[0m#x1B[?7h#x1B[0m
#x1B[0;1mTransaction Author Agreement version 1.0#x1B[0m

#x1B[0mAgreement#x1B[0m
#x1B[0m#x1B[0m#x1B[?7h#x1B[0m
#x1B[0;1mTransaction Author Agreement version 1.0#x1B[0m

#x1B[0mAgreement#x1B[0m
#x1B[0m#x1B[0m#x1B[?7h#x1B[0m
#x1B[0;1mTransaction Author Agreement version 1.0#x1B[0m

#x1B[0mAgreement#x1B[0m
#x1B[0m</system-out><system-err>Warning: Output is not to a terminal (fd=1).
</system-err></testcase><testcase classname="aries_cloudagent.config.tests.test_ledger.TestLedger" file="aries_cloudagent/config/tests/test_ledger.py" line="292" name="test_ledger_accept_taa_not_tty" time="0.002"></testcase><testcase classname="aries_cloudagent.config.tests.test_ledger.TestLedger" file="aries_cloudagent/config/tests/test_ledger.py" line="69" name="test_ledger_config_genesis_file" time="0.011"></testcase><testcase classname="aries_cloudagent.config.tests.test_ledger.TestLedger" file="aries_cloudagent/config/tests/test_ledger.py" line="113" name="test_ledger_config_genesis_file_io_x" time="0.004"></testcase><testcase classname="aries_cloudagent.config.tests.test_ledger.TestLedger" file="aries_cloudagent/config/tests/test_ledger.py" line="247" name="test_ledger_config_genesis_file_non_indy_wallet" time="0.008"></testcase><testcase classname="aries_cloudagent.config.tests.test_ledger.TestLedger" file="aries_cloudagent/config/tests/test_ledger.py" line="32" name="test_ledger_config_genesis_url" time="0.010"></testcase><testcase classname="aries_cloudagent.config.tests.test_ledger.TestLedger" file="aries_cloudagent/config/tests/test_ledger.py" line="129" name="test_ledger_config_genesis_url_no_ledger" time="0.003"></testcase><testcase classname="aries_cloudagent.config.tests.test_ledger.TestLedger" file="aries_cloudagent/config/tests/test_ledger.py" line="180" name="test_ledger_config_genesis_url_no_taa_accept" time="0.005"></testcase><testcase classname="aries_cloudagent.config.tests.test_ledger.TestLedger" file="aries_cloudagent/config/tests/test_ledger.py" line="147" name="test_ledger_config_genesis_url_non_indy_ledger" time="0.007"></testcase><testcase classname="aries_cloudagent.config.tests.test_ledger.TestLedger" file="aries_cloudagent/config/tests/test_ledger.py" line="213" name="test_ledger_config_read_only_skip_taa_accept" time="0.008"></testcase><testcase classname="aries_cloudagent.config.tests.test_logging" file="aries_cloudagent/config/tests/test_logging.py" line="-1" name="FLAKE8" time="0.039"></testcase><testcase classname="aries_cloudagent.config.tests.test_logging.TestLoggingConfigurator" file="aries_cloudagent/config/tests/test_logging.py" line="15" name="test_configure_default" time="0.008"></testcase><testcase classname="aries_cloudagent.config.tests.test_logging.TestLoggingConfigurator" file="aries_cloudagent/config/tests/test_logging.py" line="27" name="test_configure_default_no_resource" time="0.002"></testcase><testcase classname="aries_cloudagent.config.tests.test_logging.TestLoggingConfigurator" file="aries_cloudagent/config/tests/test_logging.py" line="34" name="test_configure_default_file" time="0.002"></testcase><testcase classname="aries_cloudagent.config.tests.test_logging.TestLoggingConfigurator" file="aries_cloudagent/config/tests/test_logging.py" line="44" name="test_configure_path" time="0.008"></testcase><testcase classname="aries_cloudagent.config.tests.test_logging.TestLoggingConfigurator" file="aries_cloudagent/config/tests/test_logging.py" line="55" name="test_banner" time="0.003"></testcase><testcase classname="aries_cloudagent.config.tests.test_logging.TestLoggingConfigurator" file="aries_cloudagent/config/tests/test_logging.py" line="76" name="test_load_resource" time="0.007"></testcase><testcase classname="aries_cloudagent.config.tests.test_provider" file="aries_cloudagent/config/tests/test_provider.py" line="-1" name="FLAKE8" time="0.036"></testcase><testcase classname="aries_cloudagent.config.tests.test_provider.TestProvider" file="aries_cloudagent/config/tests/test_provider.py" line="15" name="test_stats_provider_init_x" time="0.002"></testcase><testcase classname="aries_cloudagent.config.tests.test_provider.TestProvider" file="aries_cloudagent/config/tests/test_provider.py" line="20" name="test_stats_provider_provide_collector" time="0.003"></testcase><testcase classname="aries_cloudagent.config.tests.test_settings" file="aries_cloudagent/config/tests/test_settings.py" line="-1" name="FLAKE8" time="0.038"></testcase><testcase classname="aries_cloudagent.config.tests.test_settings.TestSettings" file="aries_cloudagent/config/tests/test_settings.py" line="28" name="test_get_formats" time="0.001"></testcase><testcase classname="aries_cloudagent.config.tests.test_settings.TestSettings" file="aries_cloudagent/config/tests/test_settings.py" line="45" name="test_remove" time="0.001"></testcase><testcase classname="aries_cloudagent.config.tests.test_settings.TestSettings" file="aries_cloudagent/config/tests/test_settings.py" line="55" name="test_set_default" time="0.002"></testcase><testcase classname="aries_cloudagent.config.tests.test_settings.TestSettings" file="aries_cloudagent/config/tests/test_settings.py" line="15" name="test_settings_init" time="0.001"></testcase><testcase classname="aries_cloudagent.config.tests.test_wallet" file="aries_cloudagent/config/tests/test_wallet.py" line="-1" name="FLAKE8" time="0.038"></testcase><testcase classname="aries_cloudagent.config.tests.test_wallet.TestWallet" file="aries_cloudagent/config/tests/test_wallet.py" line="40" name="test_wallet_config_bad_seed_x" time="0.006"><system-out>Opened existing wallet
Wallet type: indy
Wallet name: &lt;MagicMock name=&apos;Test Wallet.name&apos; id=&apos;140707661233624&apos;&gt;
</system-out></testcase><testcase classname="aries_cloudagent.config.tests.test_wallet.TestWallet" file="aries_cloudagent/config/tests/test_wallet.py" line="12" name="test_wallet_config_existing_replace" time="0.006"><system-out>Opened existing wallet
Wallet type: indy
Wallet name: &lt;MagicMock name=&apos;Test Wallet.name&apos; id=&apos;140707581655416&apos;&gt;
Created new public DID: 55GkHamhTU1ZbTbV2ab9DE
Verkey: 3Dn1SJNPaCXcvvJvSbsFWP2xaCjMom3can8CQNhWrTRx
</system-out></testcase><testcase classname="aries_cloudagent.config.tests.test_wallet.TestWallet" file="aries_cloudagent/config/tests/test_wallet.py" line="63" name="test_wallet_config_seed_local" time="0.005"><system-out>Opened existing wallet
Wallet type: indy
Wallet name: &lt;MagicMock name=&apos;Test Wallet.name&apos; id=&apos;140707583165272&apos;&gt;
Created new local DID: 55GkHamhTU1ZbTbV2ab9DE
Verkey: 3Dn1SJNPaCXcvvJvSbsFWP2xaCjMom3can8CQNhWrTRx
</system-out></testcase><testcase classname="aries_cloudagent.config.tests.test_wallet.TestWallet" file="aries_cloudagent/config/tests/test_wallet.py" line="112" name="test_wallet_config_seed_no_public_did" time="0.005"><system-out>Opened existing wallet
Wallet type: indy
Wallet name: &lt;MagicMock name=&apos;Test Wallet.name&apos; id=&apos;140707583076392&apos;&gt;
No public DID
</system-out></testcase><testcase classname="aries_cloudagent.config.tests.test_wallet.TestWallet" file="aries_cloudagent/config/tests/test_wallet.py" line="88" name="test_wallet_config_seed_public" time="0.005"><system-out>Opened existing wallet
Wallet type: indy
Wallet name: &lt;MagicMock name=&apos;Test Wallet.name&apos; id=&apos;140707583395376&apos;&gt;
Created new public DID: 55GkHamhTU1ZbTbV2ab9DE
Verkey: 3Dn1SJNPaCXcvvJvSbsFWP2xaCjMom3can8CQNhWrTRx
</system-out></testcase><testcase classname="aries_cloudagent.connections.__init__" file="aries_cloudagent/connections/__init__.py" line="-1" name="FLAKE8" time="0.040"></testcase><testcase classname="aries_cloudagent.connections.models.__init__" file="aries_cloudagent/connections/models/__init__.py" line="-1" name="FLAKE8" time="0.038"></testcase><testcase classname="aries_cloudagent.connections.models.connection_record" file="aries_cloudagent/connections/models/connection_record.py" line="-1" name="FLAKE8" time="0.236"></testcase><testcase classname="aries_cloudagent.connections.models.connection_target" file="aries_cloudagent/connections/models/connection_target.py" line="-1" name="FLAKE8" time="0.076"></testcase><testcase classname="aries_cloudagent.connections.models.diddoc.__init__" file="aries_cloudagent/connections/models/diddoc/__init__.py" line="-1" name="FLAKE8" time="0.047"></testcase><testcase classname="aries_cloudagent.connections.models.diddoc.diddoc" file="aries_cloudagent/connections/models/diddoc/diddoc.py" line="-1" name="FLAKE8" time="0.206"></testcase><testcase classname="aries_cloudagent.connections.models.diddoc.publickey" file="aries_cloudagent/connections/models/diddoc/publickey.py" line="-1" name="FLAKE8" time="0.129"></testcase><testcase classname="aries_cloudagent.connections.models.diddoc.service" file="aries_cloudagent/connections/models/diddoc/service.py" line="-1" name="FLAKE8" time="0.103"></testcase><testcase classname="aries_cloudagent.connections.models.diddoc.util" file="aries_cloudagent/connections/models/diddoc/util.py" line="-1" name="FLAKE8" time="0.084"></testcase><testcase classname="aries_cloudagent.connections.models.tests.__init__" file="aries_cloudagent/connections/models/tests/__init__.py" line="-1" name="FLAKE8" time="0.038"></testcase><testcase classname="aries_cloudagent.connections.models.tests.test_connection_target" file="aries_cloudagent/connections/models/tests/test_connection_target.py" line="-1" name="FLAKE8" time="0.043"></testcase><testcase classname="aries_cloudagent.connections.models.tests.test_connection_target.TestConnectionTarget" file="aries_cloudagent/connections/models/tests/test_connection_target.py" line="10" name="test_deser" time="0.004"></testcase><testcase classname="aries_cloudagent.connections.tests.__init__" file="aries_cloudagent/connections/tests/__init__.py" line="-1" name="FLAKE8" time="0.041"></testcase><testcase classname="aries_cloudagent.connections.tests.test_connection_record" file="aries_cloudagent/connections/tests/test_connection_record.py" line="-1" name="FLAKE8" time="0.040"></testcase><testcase classname="aries_cloudagent.connections.tests.test_connection_record.TestConnectionRecord" file="aries_cloudagent/connections/tests/test_connection_record.py" line="73" name="test_active_is_ready" time="0.004"></testcase><testcase classname="aries_cloudagent.connections.tests.test_connection_record.TestConnectionRecord" file="aries_cloudagent/connections/tests/test_connection_record.py" line="111" name="test_invitation_is_multi_use" time="0.003"></testcase><testcase classname="aries_cloudagent.connections.tests.test_connection_record.TestConnectionRecord" file="aries_cloudagent/connections/tests/test_connection_record.py" line="100" name="test_invitation_is_not_multi_use" time="0.003"></testcase><testcase classname="aries_cloudagent.connections.tests.test_connection_record.TestConnectionRecord" file="aries_cloudagent/connections/tests/test_connection_record.py" line="91" name="test_request_is_not_ready" time="0.004"></testcase><testcase classname="aries_cloudagent.connections.tests.test_connection_record.TestConnectionRecord" file="aries_cloudagent/connections/tests/test_connection_record.py" line="82" name="test_response_is_ready" time="0.004"></testcase><testcase classname="aries_cloudagent.connections.tests.test_connection_record.TestConnectionRecord" file="aries_cloudagent/connections/tests/test_connection_record.py" line="41" name="test_retrieve_by_did" time="0.003"></testcase><testcase classname="aries_cloudagent.connections.tests.test_connection_record.TestConnectionRecord" file="aries_cloudagent/connections/tests/test_connection_record.py" line="58" name="test_retrieve_by_request_id" time="0.003"></testcase><testcase classname="aries_cloudagent.connections.tests.test_connection_record.TestConnectionRecord" file="aries_cloudagent/connections/tests/test_connection_record.py" line="32" name="test_save_retrieve_compare" time="0.005"></testcase><testcase classname="aries_cloudagent.connections.tests.test_diddoc" file="aries_cloudagent/connections/tests/test_diddoc.py" line="-1" name="FLAKE8" time="0.040"></testcase><testcase classname="aries_cloudagent.connections.tests.test_diddoc.TestDIDDoc" file="aries_cloudagent/connections/tests/test_diddoc.py" line="27" name="test_basic" time="0.004"></testcase><testcase classname="aries_cloudagent.connections.tests.test_diddoc.TestDIDDoc" file="aries_cloudagent/connections/tests/test_diddoc.py" line="450" name="test_canon_did" time="0.002"></testcase><testcase classname="aries_cloudagent.connections.tests.test_diddoc.TestDIDDoc" file="aries_cloudagent/connections/tests/test_diddoc.py" line="105" name="test_embedded_authkey" time="0.004"></testcase><testcase classname="aries_cloudagent.connections.tests.test_diddoc.TestDIDDoc" file="aries_cloudagent/connections/tests/test_diddoc.py" line="199" name="test_minimal" time="0.003"></testcase><testcase classname="aries_cloudagent.connections.tests.test_diddoc.TestDIDDoc" file="aries_cloudagent/connections/tests/test_diddoc.py" line="260" name="test_minimal_explicit" time="0.005"></testcase><testcase classname="aries_cloudagent.connections.tests.test_diddoc.TestDIDDoc" file="aries_cloudagent/connections/tests/test_diddoc.py" line="228" name="test_minimal_ids" time="0.002"></testcase><testcase classname="aries_cloudagent.connections.tests.test_diddoc.TestDIDDoc" file="aries_cloudagent/connections/tests/test_diddoc.py" line="369" name="test_missing_recipkey" time="0.004"></testcase><testcase classname="aries_cloudagent.connections.tests.test_diddoc.TestDIDDoc" file="aries_cloudagent/connections/tests/test_diddoc.py" line="427" name="test_no_ident" time="0.001"></testcase><testcase classname="aries_cloudagent.connections.tests.test_diddoc.TestDIDDoc" file="aries_cloudagent/connections/tests/test_diddoc.py" line="466" name="test_pubkey_type" time="0.002"></testcase><testcase classname="aries_cloudagent.connections.tests.test_diddoc.TestDIDDoc" file="aries_cloudagent/connections/tests/test_diddoc.py" line="152" name="test_reference_authkey" time="0.003"></testcase><testcase classname="aries_cloudagent.connections.tests.test_diddoc.TestDIDDoc" file="aries_cloudagent/connections/tests/test_diddoc.py" line="397" name="test_w3c_minimal" time="0.003"></testcase><testcase classname="aries_cloudagent.core.__init__" file="aries_cloudagent/core/__init__.py" line="-1" name="FLAKE8" time="0.040"></testcase><testcase classname="aries_cloudagent.core.conductor" file="aries_cloudagent/core/conductor.py" line="-1" name="FLAKE8" time="0.296"></testcase><testcase classname="aries_cloudagent.core.dispatcher" file="aries_cloudagent/core/dispatcher.py" line="-1" name="FLAKE8" time="0.217"></testcase><testcase classname="aries_cloudagent.core.error" file="aries_cloudagent/core/error.py" line="-1" name="FLAKE8" time="0.086"></testcase><testcase classname="aries_cloudagent.core.plugin_registry" file="aries_cloudagent/core/plugin_registry.py" line="-1" name="FLAKE8" time="0.250"></testcase><testcase classname="aries_cloudagent.core.protocol_registry" file="aries_cloudagent/core/protocol_registry.py" line="-1" name="FLAKE8" time="0.171"></testcase><testcase classname="aries_cloudagent.core.tests.__init__" file="aries_cloudagent/core/tests/__init__.py" line="-1" name="FLAKE8" time="0.035"></testcase><testcase classname="aries_cloudagent.core.tests.test_conductor" file="aries_cloudagent/core/tests/test_conductor.py" line="-1" name="FLAKE8" time="0.039"></testcase><testcase classname="aries_cloudagent.core.tests.test_conductor.TestConductor" file="aries_cloudagent/core/tests/test_conductor.py" line="473" name="test_admin" time="0.013"><system-out>
::::::::::::::::::::::::::::::::::::::::::::::
:: ACA                                      ::
::                                          ::
::                                          ::
:: Inbound Transports:                      ::
::                                          ::
::                                          ::
:: Outbound Transports:                     ::
::                                          ::
::   - http                                 ::
::   - https                                ::
::                                          ::
:: Public DID Information:                  ::
::                                          ::
::   - DID: Jk3nedstSW89A8S2mw5xPM          ::
::                                          ::
:: Administration API:                      ::
::                                          ::
::   - http://0.0.0.0:80                    ::
::                                          ::
::                               ver: 0.5.4 ::
::::::::::::::::::::::::::::::::::::::::::::::

Listening...

</system-out></testcase><testcase classname="aries_cloudagent.core.tests.test_conductor.TestConductor" file="aries_cloudagent/core/tests/test_conductor.py" line="496" name="test_admin_startx" time="0.014"><system-out>
::::::::::::::::::::::::::::::::::::::::::::::
:: ACA                                      ::
::                                          ::
::                                          ::
:: Inbound Transports:                      ::
::                                          ::
::                                          ::
:: Outbound Transports:                     ::
::                                          ::
::   - http                                 ::
::   - https                                ::
::                                          ::
:: Public DID Information:                  ::
::                                          ::
::   - DID: JMYvnRekoZJ3ou6wCj9WpR          ::
::                                          ::
:: Administration API:                      ::
::                                          ::
::   - http://0.0.0.0:80                    ::
::                                          ::
::                               ver: 0.5.4 ::
::::::::::::::::::::::::::::::::::::::::::::::

Listening...

</system-out></testcase><testcase classname="aries_cloudagent.core.tests.test_conductor.TestConductor" file="aries_cloudagent/core/tests/test_conductor.py" line="618" name="test_dispatch_complete_fatal_x" time="0.013"><system-err>--- Logging error ---
Traceback (most recent call last):
  File &quot;/usr/lib/python3.6/logging/__init__.py&quot;, line 994, in emit
    msg = self.format(record)
  File &quot;/usr/lib/python3.6/logging/__init__.py&quot;, line 840, in format
    return fmt.format(record)
  File &quot;/usr/lib/python3.6/logging/__init__.py&quot;, line 585, in format
    record.exc_text = self.formatException(record.exc_info)
  File &quot;/usr/lib/python3.6/logging/__init__.py&quot;, line 535, in formatException
    traceback.print_exception(ei[0], ei[1], tb, None, sio)
  File &quot;/usr/lib/python3.6/traceback.py&quot;, line 104, in print_exception
    type(value), value, tb, limit=limit).format(chain=chain):
  File &quot;/usr/lib/python3.6/traceback.py&quot;, line 509, in __init__
    capture_locals=capture_locals)
  File &quot;/usr/lib/python3.6/traceback.py&quot;, line 345, in extract
    for f, lineno in frame_gen:
  File &quot;/usr/lib/python3.6/traceback.py&quot;, line 310, in walk_tb
    yield tb.tb_frame, tb.tb_lineno
AttributeError: &apos;str&apos; object has no attribute &apos;tb_frame&apos;
Call stack:
  File &quot;/usr/local/bin/pytest&quot;, line 11, in &lt;module&gt;
    sys.exit(main())
  File &quot;/usr/local/lib/python3.6/dist-packages/_pytest/config/__init__.py&quot;, line 74, in main
    return config.hook.pytest_cmdline_main(config=config)
  File &quot;/usr/local/lib/python3.6/dist-packages/pluggy/hooks.py&quot;, line 286, in __call__
    return self._hookexec(self, self.get_hookimpls(), kwargs)
  File &quot;/usr/local/lib/python3.6/dist-packages/pluggy/manager.py&quot;, line 93, in _hookexec
    return self._inner_hookexec(hook, methods, kwargs)
  File &quot;/usr/local/lib/python3.6/dist-packages/pluggy/manager.py&quot;, line 87, in &lt;lambda&gt;
    firstresult=hook.spec.opts.get(&quot;firstresult&quot;) if hook.spec else False,
  File &quot;/usr/local/lib/python3.6/dist-packages/pluggy/callers.py&quot;, line 187, in _multicall
    res = hook_impl.function(*args)
  File &quot;/usr/local/lib/python3.6/dist-packages/_pytest/main.py&quot;, line 250, in pytest_cmdline_main
    return wrap_session(config, _main)
  File &quot;/usr/local/lib/python3.6/dist-packages/_pytest/main.py&quot;, line 213, in wrap_session
    session.exitstatus = doit(config, session) or 0
  File &quot;/usr/local/lib/python3.6/dist-packages/_pytest/main.py&quot;, line 257, in _main
    config.hook.pytest_runtestloop(session=session)
  File &quot;/usr/local/lib/python3.6/dist-packages/pluggy/hooks.py&quot;, line 286, in __call__
    return self._hookexec(self, self.get_hookimpls(), kwargs)
  File &quot;/usr/local/lib/python3.6/dist-packages/pluggy/manager.py&quot;, line 93, in _hookexec
    return self._inner_hookexec(hook, methods, kwargs)
  File &quot;/usr/local/lib/python3.6/dist-packages/pluggy/manager.py&quot;, line 87, in &lt;lambda&gt;
    firstresult=hook.spec.opts.get(&quot;firstresult&quot;) if hook.spec else False,
  File &quot;/usr/local/lib/python3.6/dist-packages/pluggy/callers.py&quot;, line 187, in _multicall
    res = hook_impl.function(*args)
  File &quot;/usr/local/lib/python3.6/dist-packages/_pytest/main.py&quot;, line 278, in pytest_runtestloop
    item.config.hook.pytest_runtest_protocol(item=item, nextitem=nextitem)
  File &quot;/usr/local/lib/python3.6/dist-packages/pluggy/hooks.py&quot;, line 286, in __call__
    return self._hookexec(self, self.get_hookimpls(), kwargs)
  File &quot;/usr/local/lib/python3.6/dist-packages/pluggy/manager.py&quot;, line 93, in _hookexec
    return self._inner_hookexec(hook, methods, kwargs)
  File &quot;/usr/local/lib/python3.6/dist-packages/pluggy/manager.py&quot;, line 87, in &lt;lambda&gt;
    firstresult=hook.spec.opts.get(&quot;firstresult&quot;) if hook.spec else False,
  File &quot;/usr/local/lib/python3.6/dist-packages/pluggy/callers.py&quot;, line 187, in _multicall
    res = hook_impl.function(*args)
  File &quot;/usr/local/lib/python3.6/dist-packages/_pytest/runner.py&quot;, line 72, in pytest_runtest_protocol
    runtestprotocol(item, nextitem=nextitem)
  File &quot;/usr/local/lib/python3.6/dist-packages/_pytest/runner.py&quot;, line 87, in runtestprotocol
    reports.append(call_and_report(item, &quot;call&quot;, log))
  File &quot;/usr/local/lib/python3.6/dist-packages/_pytest/runner.py&quot;, line 167, in call_and_report
    call = call_runtest_hook(item, when, **kwds)
  File &quot;/usr/local/lib/python3.6/dist-packages/_pytest/runner.py&quot;, line 192, in call_runtest_hook
    lambda: ihook(item=item, **kwds), when=when, reraise=reraise
  File &quot;/usr/local/lib/python3.6/dist-packages/_pytest/runner.py&quot;, line 220, in from_call
    result = func()
  File &quot;/usr/local/lib/python3.6/dist-packages/_pytest/runner.py&quot;, line 192, in &lt;lambda&gt;
    lambda: ihook(item=item, **kwds), when=when, reraise=reraise
  File &quot;/usr/local/lib/python3.6/dist-packages/pluggy/hooks.py&quot;, line 286, in __call__
    return self._hookexec(self, self.get_hookimpls(), kwargs)
  File &quot;/usr/local/lib/python3.6/dist-packages/pluggy/manager.py&quot;, line 93, in _hookexec
    return self._inner_hookexec(hook, methods, kwargs)
  File &quot;/usr/local/lib/python3.6/dist-packages/pluggy/manager.py&quot;, line 87, in &lt;lambda&gt;
    firstresult=hook.spec.opts.get(&quot;firstresult&quot;) if hook.spec else False,
  File &quot;/usr/local/lib/python3.6/dist-packages/pluggy/callers.py&quot;, line 187, in _multicall
    res = hook_impl.function(*args)
  File &quot;/usr/local/lib/python3.6/dist-packages/_pytest/runner.py&quot;, line 117, in pytest_runtest_call
    item.runtest()
  File &quot;/usr/local/lib/python3.6/dist-packages/_pytest/unittest.py&quot;, line 200, in runtest
    self._testcase(result=self)
  File &quot;/usr/lib/python3.6/unittest/case.py&quot;, line 653, in __call__
    return self.run(*args, **kwds)
  File &quot;/usr/local/lib/python3.6/dist-packages/asynctest/case.py&quot;, line 297, in run
    self._run_test_method(testMethod)
  File &quot;/usr/local/lib/python3.6/dist-packages/asynctest/case.py&quot;, line 354, in _run_test_method
    self.loop.run_until_complete(result)
  File &quot;/usr/local/lib/python3.6/dist-packages/asynctest/case.py&quot;, line 224, in wrapper
    return method(*args, **kwargs)
  File &quot;/usr/lib/python3.6/asyncio/base_events.py&quot;, line 471, in run_until_complete
    self.run_forever()
  File &quot;/usr/local/lib/python3.6/dist-packages/asynctest/case.py&quot;, line 224, in wrapper
    return method(*args, **kwargs)
  File &quot;/usr/lib/python3.6/asyncio/base_events.py&quot;, line 438, in run_forever
    self._run_once()
  File &quot;/usr/lib/python3.6/asyncio/base_events.py&quot;, line 1451, in _run_once
    handle._run()
  File &quot;/usr/lib/python3.6/asyncio/events.py&quot;, line 145, in _run
    self._callback(*self._args)
  File &quot;/usr/src/app/aries_cloudagent/core/tests/test_conductor.py&quot;, line 646, in test_dispatch_complete_fatal_x
    conductor.dispatch_complete(message, mock_task)
  File &quot;/usr/src/app/aries_cloudagent/core/conductor.py&quot;, line 276, in dispatch_complete
    &quot;Exception in message handler:&quot;, exc_info=completed.exc_info
Message: &apos;Exception in message handler:&apos;
Arguments: ()
--- Logging error ---
Traceback (most recent call last):
  File &quot;/usr/lib/python3.6/logging/__init__.py&quot;, line 994, in emit
    msg = self.format(record)
  File &quot;/usr/lib/python3.6/logging/__init__.py&quot;, line 840, in format
    return fmt.format(record)
  File &quot;/usr/local/lib/python3.6/dist-packages/_pytest/logging.py&quot;, line 65, in format
    return super().format(record)
  File &quot;/usr/lib/python3.6/logging/__init__.py&quot;, line 585, in format
    record.exc_text = self.formatException(record.exc_info)
  File &quot;/usr/lib/python3.6/logging/__init__.py&quot;, line 535, in formatException
    traceback.print_exception(ei[0], ei[1], tb, None, sio)
  File &quot;/usr/lib/python3.6/traceback.py&quot;, line 104, in print_exception
    type(value), value, tb, limit=limit).format(chain=chain):
  File &quot;/usr/lib/python3.6/traceback.py&quot;, line 509, in __init__
    capture_locals=capture_locals)
  File &quot;/usr/lib/python3.6/traceback.py&quot;, line 345, in extract
    for f, lineno in frame_gen:
  File &quot;/usr/lib/python3.6/traceback.py&quot;, line 310, in walk_tb
    yield tb.tb_frame, tb.tb_lineno
AttributeError: &apos;str&apos; object has no attribute &apos;tb_frame&apos;
Call stack:
  File &quot;/usr/local/bin/pytest&quot;, line 11, in &lt;module&gt;
    sys.exit(main())
  File &quot;/usr/local/lib/python3.6/dist-packages/_pytest/config/__init__.py&quot;, line 74, in main
    return config.hook.pytest_cmdline_main(config=config)
  File &quot;/usr/local/lib/python3.6/dist-packages/pluggy/hooks.py&quot;, line 286, in __call__
    return self._hookexec(self, self.get_hookimpls(), kwargs)
  File &quot;/usr/local/lib/python3.6/dist-packages/pluggy/manager.py&quot;, line 93, in _hookexec
    return self._inner_hookexec(hook, methods, kwargs)
  File &quot;/usr/local/lib/python3.6/dist-packages/pluggy/manager.py&quot;, line 87, in &lt;lambda&gt;
    firstresult=hook.spec.opts.get(&quot;firstresult&quot;) if hook.spec else False,
  File &quot;/usr/local/lib/python3.6/dist-packages/pluggy/callers.py&quot;, line 187, in _multicall
    res = hook_impl.function(*args)
  File &quot;/usr/local/lib/python3.6/dist-packages/_pytest/main.py&quot;, line 250, in pytest_cmdline_main
    return wrap_session(config, _main)
  File &quot;/usr/local/lib/python3.6/dist-packages/_pytest/main.py&quot;, line 213, in wrap_session
    session.exitstatus = doit(config, session) or 0
  File &quot;/usr/local/lib/python3.6/dist-packages/_pytest/main.py&quot;, line 257, in _main
    config.hook.pytest_runtestloop(session=session)
  File &quot;/usr/local/lib/python3.6/dist-packages/pluggy/hooks.py&quot;, line 286, in __call__
    return self._hookexec(self, self.get_hookimpls(), kwargs)
  File &quot;/usr/local/lib/python3.6/dist-packages/pluggy/manager.py&quot;, line 93, in _hookexec
    return self._inner_hookexec(hook, methods, kwargs)
  File &quot;/usr/local/lib/python3.6/dist-packages/pluggy/manager.py&quot;, line 87, in &lt;lambda&gt;
    firstresult=hook.spec.opts.get(&quot;firstresult&quot;) if hook.spec else False,
  File &quot;/usr/local/lib/python3.6/dist-packages/pluggy/callers.py&quot;, line 187, in _multicall
    res = hook_impl.function(*args)
  File &quot;/usr/local/lib/python3.6/dist-packages/_pytest/main.py&quot;, line 278, in pytest_runtestloop
    item.config.hook.pytest_runtest_protocol(item=item, nextitem=nextitem)
  File &quot;/usr/local/lib/python3.6/dist-packages/pluggy/hooks.py&quot;, line 286, in __call__
    return self._hookexec(self, self.get_hookimpls(), kwargs)
  File &quot;/usr/local/lib/python3.6/dist-packages/pluggy/manager.py&quot;, line 93, in _hookexec
    return self._inner_hookexec(hook, methods, kwargs)
  File &quot;/usr/local/lib/python3.6/dist-packages/pluggy/manager.py&quot;, line 87, in &lt;lambda&gt;
    firstresult=hook.spec.opts.get(&quot;firstresult&quot;) if hook.spec else False,
  File &quot;/usr/local/lib/python3.6/dist-packages/pluggy/callers.py&quot;, line 187, in _multicall
    res = hook_impl.function(*args)
  File &quot;/usr/local/lib/python3.6/dist-packages/_pytest/runner.py&quot;, line 72, in pytest_runtest_protocol
    runtestprotocol(item, nextitem=nextitem)
  File &quot;/usr/local/lib/python3.6/dist-packages/_pytest/runner.py&quot;, line 87, in runtestprotocol
    reports.append(call_and_report(item, &quot;call&quot;, log))
  File &quot;/usr/local/lib/python3.6/dist-packages/_pytest/runner.py&quot;, line 167, in call_and_report
    call = call_runtest_hook(item, when, **kwds)
  File &quot;/usr/local/lib/python3.6/dist-packages/_pytest/runner.py&quot;, line 192, in call_runtest_hook
    lambda: ihook(item=item, **kwds), when=when, reraise=reraise
  File &quot;/usr/local/lib/python3.6/dist-packages/_pytest/runner.py&quot;, line 220, in from_call
    result = func()
  File &quot;/usr/local/lib/python3.6/dist-packages/_pytest/runner.py&quot;, line 192, in &lt;lambda&gt;
    lambda: ihook(item=item, **kwds), when=when, reraise=reraise
  File &quot;/usr/local/lib/python3.6/dist-packages/pluggy/hooks.py&quot;, line 286, in __call__
    return self._hookexec(self, self.get_hookimpls(), kwargs)
  File &quot;/usr/local/lib/python3.6/dist-packages/pluggy/manager.py&quot;, line 93, in _hookexec
    return self._inner_hookexec(hook, methods, kwargs)
  File &quot;/usr/local/lib/python3.6/dist-packages/pluggy/manager.py&quot;, line 87, in &lt;lambda&gt;
    firstresult=hook.spec.opts.get(&quot;firstresult&quot;) if hook.spec else False,
  File &quot;/usr/local/lib/python3.6/dist-packages/pluggy/callers.py&quot;, line 187, in _multicall
    res = hook_impl.function(*args)
  File &quot;/usr/local/lib/python3.6/dist-packages/_pytest/runner.py&quot;, line 117, in pytest_runtest_call
    item.runtest()
  File &quot;/usr/local/lib/python3.6/dist-packages/_pytest/unittest.py&quot;, line 200, in runtest
    self._testcase(result=self)
  File &quot;/usr/lib/python3.6/unittest/case.py&quot;, line 653, in __call__
    return self.run(*args, **kwds)
  File &quot;/usr/local/lib/python3.6/dist-packages/asynctest/case.py&quot;, line 297, in run
    self._run_test_method(testMethod)
  File &quot;/usr/local/lib/python3.6/dist-packages/asynctest/case.py&quot;, line 354, in _run_test_method
    self.loop.run_until_complete(result)
  File &quot;/usr/local/lib/python3.6/dist-packages/asynctest/case.py&quot;, line 224, in wrapper
    return method(*args, **kwargs)
  File &quot;/usr/lib/python3.6/asyncio/base_events.py&quot;, line 471, in run_until_complete
    self.run_forever()
  File &quot;/usr/local/lib/python3.6/dist-packages/asynctest/case.py&quot;, line 224, in wrapper
    return method(*args, **kwargs)
  File &quot;/usr/lib/python3.6/asyncio/base_events.py&quot;, line 438, in run_forever
    self._run_once()
  File &quot;/usr/lib/python3.6/asyncio/base_events.py&quot;, line 1451, in _run_once
    handle._run()
  File &quot;/usr/lib/python3.6/asyncio/events.py&quot;, line 145, in _run
    self._callback(*self._args)
  File &quot;/usr/src/app/aries_cloudagent/core/tests/test_conductor.py&quot;, line 646, in test_dispatch_complete_fatal_x
    conductor.dispatch_complete(message, mock_task)
  File &quot;/usr/src/app/aries_cloudagent/core/conductor.py&quot;, line 276, in dispatch_complete
    &quot;Exception in message handler:&quot;, exc_info=completed.exc_info
  File &quot;/usr/lib/python3.6/logging/__init__.py&quot;, line 1343, in exception
    self.error(msg, *args, exc_info=exc_info, **kwargs)
  File &quot;/usr/lib/python3.6/logging/__init__.py&quot;, line 1337, in error
    self._log(ERROR, msg, args, **kwargs)
  File &quot;/usr/lib/python3.6/logging/__init__.py&quot;, line 1444, in _log
    self.handle(record)
  File &quot;/usr/lib/python3.6/logging/__init__.py&quot;, line 1454, in handle
    self.callHandlers(record)
  File &quot;/usr/lib/python3.6/logging/__init__.py&quot;, line 1516, in callHandlers
    hdlr.handle(record)
  File &quot;/usr/lib/python3.6/logging/__init__.py&quot;, line 865, in handle
    self.emit(record)
  File &quot;/usr/local/lib/python3.6/dist-packages/_pytest/logging.py&quot;, line 227, in emit
    logging.StreamHandler.emit(self, record)
Message: &apos;Exception in message handler:&apos;
Arguments: ()
</system-err></testcase><testcase classname="aries_cloudagent.core.tests.test_conductor.TestConductor" file="aries_cloudagent/core/tests/test_conductor.py" line="592" name="test_dispatch_complete_non_fatal_x" time="0.008"><system-err>--- Logging error ---
Traceback (most recent call last):
  File &quot;/usr/lib/python3.6/logging/__init__.py&quot;, line 994, in emit
    msg = self.format(record)
  File &quot;/usr/lib/python3.6/logging/__init__.py&quot;, line 840, in format
    return fmt.format(record)
  File &quot;/usr/lib/python3.6/logging/__init__.py&quot;, line 585, in format
    record.exc_text = self.formatException(record.exc_info)
  File &quot;/usr/lib/python3.6/logging/__init__.py&quot;, line 535, in formatException
    traceback.print_exception(ei[0], ei[1], tb, None, sio)
  File &quot;/usr/lib/python3.6/traceback.py&quot;, line 104, in print_exception
    type(value), value, tb, limit=limit).format(chain=chain):
  File &quot;/usr/lib/python3.6/traceback.py&quot;, line 509, in __init__
    capture_locals=capture_locals)
  File &quot;/usr/lib/python3.6/traceback.py&quot;, line 345, in extract
    for f, lineno in frame_gen:
  File &quot;/usr/lib/python3.6/traceback.py&quot;, line 310, in walk_tb
    yield tb.tb_frame, tb.tb_lineno
AttributeError: &apos;str&apos; object has no attribute &apos;tb_frame&apos;
Call stack:
  File &quot;/usr/local/bin/pytest&quot;, line 11, in &lt;module&gt;
    sys.exit(main())
  File &quot;/usr/local/lib/python3.6/dist-packages/_pytest/config/__init__.py&quot;, line 74, in main
    return config.hook.pytest_cmdline_main(config=config)
  File &quot;/usr/local/lib/python3.6/dist-packages/pluggy/hooks.py&quot;, line 286, in __call__
    return self._hookexec(self, self.get_hookimpls(), kwargs)
  File &quot;/usr/local/lib/python3.6/dist-packages/pluggy/manager.py&quot;, line 93, in _hookexec
    return self._inner_hookexec(hook, methods, kwargs)
  File &quot;/usr/local/lib/python3.6/dist-packages/pluggy/manager.py&quot;, line 87, in &lt;lambda&gt;
    firstresult=hook.spec.opts.get(&quot;firstresult&quot;) if hook.spec else False,
  File &quot;/usr/local/lib/python3.6/dist-packages/pluggy/callers.py&quot;, line 187, in _multicall
    res = hook_impl.function(*args)
  File &quot;/usr/local/lib/python3.6/dist-packages/_pytest/main.py&quot;, line 250, in pytest_cmdline_main
    return wrap_session(config, _main)
  File &quot;/usr/local/lib/python3.6/dist-packages/_pytest/main.py&quot;, line 213, in wrap_session
    session.exitstatus = doit(config, session) or 0
  File &quot;/usr/local/lib/python3.6/dist-packages/_pytest/main.py&quot;, line 257, in _main
    config.hook.pytest_runtestloop(session=session)
  File &quot;/usr/local/lib/python3.6/dist-packages/pluggy/hooks.py&quot;, line 286, in __call__
    return self._hookexec(self, self.get_hookimpls(), kwargs)
  File &quot;/usr/local/lib/python3.6/dist-packages/pluggy/manager.py&quot;, line 93, in _hookexec
    return self._inner_hookexec(hook, methods, kwargs)
  File &quot;/usr/local/lib/python3.6/dist-packages/pluggy/manager.py&quot;, line 87, in &lt;lambda&gt;
    firstresult=hook.spec.opts.get(&quot;firstresult&quot;) if hook.spec else False,
  File &quot;/usr/local/lib/python3.6/dist-packages/pluggy/callers.py&quot;, line 187, in _multicall
    res = hook_impl.function(*args)
  File &quot;/usr/local/lib/python3.6/dist-packages/_pytest/main.py&quot;, line 278, in pytest_runtestloop
    item.config.hook.pytest_runtest_protocol(item=item, nextitem=nextitem)
  File &quot;/usr/local/lib/python3.6/dist-packages/pluggy/hooks.py&quot;, line 286, in __call__
    return self._hookexec(self, self.get_hookimpls(), kwargs)
  File &quot;/usr/local/lib/python3.6/dist-packages/pluggy/manager.py&quot;, line 93, in _hookexec
    return self._inner_hookexec(hook, methods, kwargs)
  File &quot;/usr/local/lib/python3.6/dist-packages/pluggy/manager.py&quot;, line 87, in &lt;lambda&gt;
    firstresult=hook.spec.opts.get(&quot;firstresult&quot;) if hook.spec else False,
  File &quot;/usr/local/lib/python3.6/dist-packages/pluggy/callers.py&quot;, line 187, in _multicall
    res = hook_impl.function(*args)
  File &quot;/usr/local/lib/python3.6/dist-packages/_pytest/runner.py&quot;, line 72, in pytest_runtest_protocol
    runtestprotocol(item, nextitem=nextitem)
  File &quot;/usr/local/lib/python3.6/dist-packages/_pytest/runner.py&quot;, line 87, in runtestprotocol
    reports.append(call_and_report(item, &quot;call&quot;, log))
  File &quot;/usr/local/lib/python3.6/dist-packages/_pytest/runner.py&quot;, line 167, in call_and_report
    call = call_runtest_hook(item, when, **kwds)
  File &quot;/usr/local/lib/python3.6/dist-packages/_pytest/runner.py&quot;, line 192, in call_runtest_hook
    lambda: ihook(item=item, **kwds), when=when, reraise=reraise
  File &quot;/usr/local/lib/python3.6/dist-packages/_pytest/runner.py&quot;, line 220, in from_call
    result = func()
  File &quot;/usr/local/lib/python3.6/dist-packages/_pytest/runner.py&quot;, line 192, in &lt;lambda&gt;
    lambda: ihook(item=item, **kwds), when=when, reraise=reraise
  File &quot;/usr/local/lib/python3.6/dist-packages/pluggy/hooks.py&quot;, line 286, in __call__
    return self._hookexec(self, self.get_hookimpls(), kwargs)
  File &quot;/usr/local/lib/python3.6/dist-packages/pluggy/manager.py&quot;, line 93, in _hookexec
    return self._inner_hookexec(hook, methods, kwargs)
  File &quot;/usr/local/lib/python3.6/dist-packages/pluggy/manager.py&quot;, line 87, in &lt;lambda&gt;
    firstresult=hook.spec.opts.get(&quot;firstresult&quot;) if hook.spec else False,
  File &quot;/usr/local/lib/python3.6/dist-packages/pluggy/callers.py&quot;, line 187, in _multicall
    res = hook_impl.function(*args)
  File &quot;/usr/local/lib/python3.6/dist-packages/_pytest/runner.py&quot;, line 117, in pytest_runtest_call
    item.runtest()
  File &quot;/usr/local/lib/python3.6/dist-packages/_pytest/unittest.py&quot;, line 200, in runtest
    self._testcase(result=self)
  File &quot;/usr/lib/python3.6/unittest/case.py&quot;, line 653, in __call__
    return self.run(*args, **kwds)
  File &quot;/usr/local/lib/python3.6/dist-packages/asynctest/case.py&quot;, line 297, in run
    self._run_test_method(testMethod)
  File &quot;/usr/local/lib/python3.6/dist-packages/asynctest/case.py&quot;, line 354, in _run_test_method
    self.loop.run_until_complete(result)
  File &quot;/usr/local/lib/python3.6/dist-packages/asynctest/case.py&quot;, line 224, in wrapper
    return method(*args, **kwargs)
  File &quot;/usr/lib/python3.6/asyncio/base_events.py&quot;, line 471, in run_until_complete
    self.run_forever()
  File &quot;/usr/local/lib/python3.6/dist-packages/asynctest/case.py&quot;, line 224, in wrapper
    return method(*args, **kwargs)
  File &quot;/usr/lib/python3.6/asyncio/base_events.py&quot;, line 438, in run_forever
    self._run_once()
  File &quot;/usr/lib/python3.6/asyncio/base_events.py&quot;, line 1451, in _run_once
    handle._run()
  File &quot;/usr/lib/python3.6/asyncio/events.py&quot;, line 145, in _run
    self._callback(*self._args)
  File &quot;/usr/src/app/aries_cloudagent/core/tests/test_conductor.py&quot;, line 616, in test_dispatch_complete_non_fatal_x
    conductor.dispatch_complete(message, mock_task)
  File &quot;/usr/src/app/aries_cloudagent/core/conductor.py&quot;, line 276, in dispatch_complete
    &quot;Exception in message handler:&quot;, exc_info=completed.exc_info
Message: &apos;Exception in message handler:&apos;
Arguments: ()
--- Logging error ---
Traceback (most recent call last):
  File &quot;/usr/lib/python3.6/logging/__init__.py&quot;, line 994, in emit
    msg = self.format(record)
  File &quot;/usr/lib/python3.6/logging/__init__.py&quot;, line 840, in format
    return fmt.format(record)
  File &quot;/usr/local/lib/python3.6/dist-packages/_pytest/logging.py&quot;, line 65, in format
    return super().format(record)
  File &quot;/usr/lib/python3.6/logging/__init__.py&quot;, line 585, in format
    record.exc_text = self.formatException(record.exc_info)
  File &quot;/usr/lib/python3.6/logging/__init__.py&quot;, line 535, in formatException
    traceback.print_exception(ei[0], ei[1], tb, None, sio)
  File &quot;/usr/lib/python3.6/traceback.py&quot;, line 104, in print_exception
    type(value), value, tb, limit=limit).format(chain=chain):
  File &quot;/usr/lib/python3.6/traceback.py&quot;, line 509, in __init__
    capture_locals=capture_locals)
  File &quot;/usr/lib/python3.6/traceback.py&quot;, line 345, in extract
    for f, lineno in frame_gen:
  File &quot;/usr/lib/python3.6/traceback.py&quot;, line 310, in walk_tb
    yield tb.tb_frame, tb.tb_lineno
AttributeError: &apos;str&apos; object has no attribute &apos;tb_frame&apos;
Call stack:
  File &quot;/usr/local/bin/pytest&quot;, line 11, in &lt;module&gt;
    sys.exit(main())
  File &quot;/usr/local/lib/python3.6/dist-packages/_pytest/config/__init__.py&quot;, line 74, in main
    return config.hook.pytest_cmdline_main(config=config)
  File &quot;/usr/local/lib/python3.6/dist-packages/pluggy/hooks.py&quot;, line 286, in __call__
    return self._hookexec(self, self.get_hookimpls(), kwargs)
  File &quot;/usr/local/lib/python3.6/dist-packages/pluggy/manager.py&quot;, line 93, in _hookexec
    return self._inner_hookexec(hook, methods, kwargs)
  File &quot;/usr/local/lib/python3.6/dist-packages/pluggy/manager.py&quot;, line 87, in &lt;lambda&gt;
    firstresult=hook.spec.opts.get(&quot;firstresult&quot;) if hook.spec else False,
  File &quot;/usr/local/lib/python3.6/dist-packages/pluggy/callers.py&quot;, line 187, in _multicall
    res = hook_impl.function(*args)
  File &quot;/usr/local/lib/python3.6/dist-packages/_pytest/main.py&quot;, line 250, in pytest_cmdline_main
    return wrap_session(config, _main)
  File &quot;/usr/local/lib/python3.6/dist-packages/_pytest/main.py&quot;, line 213, in wrap_session
    session.exitstatus = doit(config, session) or 0
  File &quot;/usr/local/lib/python3.6/dist-packages/_pytest/main.py&quot;, line 257, in _main
    config.hook.pytest_runtestloop(session=session)
  File &quot;/usr/local/lib/python3.6/dist-packages/pluggy/hooks.py&quot;, line 286, in __call__
    return self._hookexec(self, self.get_hookimpls(), kwargs)
  File &quot;/usr/local/lib/python3.6/dist-packages/pluggy/manager.py&quot;, line 93, in _hookexec
    return self._inner_hookexec(hook, methods, kwargs)
  File &quot;/usr/local/lib/python3.6/dist-packages/pluggy/manager.py&quot;, line 87, in &lt;lambda&gt;
    firstresult=hook.spec.opts.get(&quot;firstresult&quot;) if hook.spec else False,
  File &quot;/usr/local/lib/python3.6/dist-packages/pluggy/callers.py&quot;, line 187, in _multicall
    res = hook_impl.function(*args)
  File &quot;/usr/local/lib/python3.6/dist-packages/_pytest/main.py&quot;, line 278, in pytest_runtestloop
    item.config.hook.pytest_runtest_protocol(item=item, nextitem=nextitem)
  File &quot;/usr/local/lib/python3.6/dist-packages/pluggy/hooks.py&quot;, line 286, in __call__
    return self._hookexec(self, self.get_hookimpls(), kwargs)
  File &quot;/usr/local/lib/python3.6/dist-packages/pluggy/manager.py&quot;, line 93, in _hookexec
    return self._inner_hookexec(hook, methods, kwargs)
  File &quot;/usr/local/lib/python3.6/dist-packages/pluggy/manager.py&quot;, line 87, in &lt;lambda&gt;
    firstresult=hook.spec.opts.get(&quot;firstresult&quot;) if hook.spec else False,
  File &quot;/usr/local/lib/python3.6/dist-packages/pluggy/callers.py&quot;, line 187, in _multicall
    res = hook_impl.function(*args)
  File &quot;/usr/local/lib/python3.6/dist-packages/_pytest/runner.py&quot;, line 72, in pytest_runtest_protocol
    runtestprotocol(item, nextitem=nextitem)
  File &quot;/usr/local/lib/python3.6/dist-packages/_pytest/runner.py&quot;, line 87, in runtestprotocol
    reports.append(call_and_report(item, &quot;call&quot;, log))
  File &quot;/usr/local/lib/python3.6/dist-packages/_pytest/runner.py&quot;, line 167, in call_and_report
    call = call_runtest_hook(item, when, **kwds)
  File &quot;/usr/local/lib/python3.6/dist-packages/_pytest/runner.py&quot;, line 192, in call_runtest_hook
    lambda: ihook(item=item, **kwds), when=when, reraise=reraise
  File &quot;/usr/local/lib/python3.6/dist-packages/_pytest/runner.py&quot;, line 220, in from_call
    result = func()
  File &quot;/usr/local/lib/python3.6/dist-packages/_pytest/runner.py&quot;, line 192, in &lt;lambda&gt;
    lambda: ihook(item=item, **kwds), when=when, reraise=reraise
  File &quot;/usr/local/lib/python3.6/dist-packages/pluggy/hooks.py&quot;, line 286, in __call__
    return self._hookexec(self, self.get_hookimpls(), kwargs)
  File &quot;/usr/local/lib/python3.6/dist-packages/pluggy/manager.py&quot;, line 93, in _hookexec
    return self._inner_hookexec(hook, methods, kwargs)
  File &quot;/usr/local/lib/python3.6/dist-packages/pluggy/manager.py&quot;, line 87, in &lt;lambda&gt;
    firstresult=hook.spec.opts.get(&quot;firstresult&quot;) if hook.spec else False,
  File &quot;/usr/local/lib/python3.6/dist-packages/pluggy/callers.py&quot;, line 187, in _multicall
    res = hook_impl.function(*args)
  File &quot;/usr/local/lib/python3.6/dist-packages/_pytest/runner.py&quot;, line 117, in pytest_runtest_call
    item.runtest()
  File &quot;/usr/local/lib/python3.6/dist-packages/_pytest/unittest.py&quot;, line 200, in runtest
    self._testcase(result=self)
  File &quot;/usr/lib/python3.6/unittest/case.py&quot;, line 653, in __call__
    return self.run(*args, **kwds)
  File &quot;/usr/local/lib/python3.6/dist-packages/asynctest/case.py&quot;, line 297, in run
    self._run_test_method(testMethod)
  File &quot;/usr/local/lib/python3.6/dist-packages/asynctest/case.py&quot;, line 354, in _run_test_method
    self.loop.run_until_complete(result)
  File &quot;/usr/local/lib/python3.6/dist-packages/asynctest/case.py&quot;, line 224, in wrapper
    return method(*args, **kwargs)
  File &quot;/usr/lib/python3.6/asyncio/base_events.py&quot;, line 471, in run_until_complete
    self.run_forever()
  File &quot;/usr/local/lib/python3.6/dist-packages/asynctest/case.py&quot;, line 224, in wrapper
    return method(*args, **kwargs)
  File &quot;/usr/lib/python3.6/asyncio/base_events.py&quot;, line 438, in run_forever
    self._run_once()
  File &quot;/usr/lib/python3.6/asyncio/base_events.py&quot;, line 1451, in _run_once
    handle._run()
  File &quot;/usr/lib/python3.6/asyncio/events.py&quot;, line 145, in _run
    self._callback(*self._args)
  File &quot;/usr/src/app/aries_cloudagent/core/tests/test_conductor.py&quot;, line 616, in test_dispatch_complete_non_fatal_x
    conductor.dispatch_complete(message, mock_task)
  File &quot;/usr/src/app/aries_cloudagent/core/conductor.py&quot;, line 276, in dispatch_complete
    &quot;Exception in message handler:&quot;, exc_info=completed.exc_info
  File &quot;/usr/lib/python3.6/logging/__init__.py&quot;, line 1343, in exception
    self.error(msg, *args, exc_info=exc_info, **kwargs)
  File &quot;/usr/lib/python3.6/logging/__init__.py&quot;, line 1337, in error
    self._log(ERROR, msg, args, **kwargs)
  File &quot;/usr/lib/python3.6/logging/__init__.py&quot;, line 1444, in _log
    self.handle(record)
  File &quot;/usr/lib/python3.6/logging/__init__.py&quot;, line 1454, in handle
    self.callHandlers(record)
  File &quot;/usr/lib/python3.6/logging/__init__.py&quot;, line 1516, in callHandlers
    hdlr.handle(record)
  File &quot;/usr/lib/python3.6/logging/__init__.py&quot;, line 865, in handle
    self.emit(record)
  File &quot;/usr/local/lib/python3.6/dist-packages/_pytest/logging.py&quot;, line 227, in emit
    logging.StreamHandler.emit(self, record)
Message: &apos;Exception in message handler:&apos;
Arguments: ()
</system-err></testcase><testcase classname="aries_cloudagent.core.tests.test_conductor.TestConductor" file="aries_cloudagent/core/tests/test_conductor.py" line="412" name="test_handle_not_returned_ledger_x" time="0.008"></testcase><testcase classname="aries_cloudagent.core.tests.test_conductor.TestConductor" file="aries_cloudagent/core/tests/test_conductor.py" line="370" name="test_handle_nots" time="0.012"></testcase><testcase classname="aries_cloudagent.core.tests.test_conductor.TestConductor" file="aries_cloudagent/core/tests/test_conductor.py" line="220" name="test_inbound_message_handler" time="0.009"></testcase><testcase classname="aries_cloudagent.core.tests.test_conductor.TestConductor" file="aries_cloudagent/core/tests/test_conductor.py" line="242" name="test_inbound_message_handler_ledger_x" time="0.078"></testcase><testcase classname="aries_cloudagent.core.tests.test_conductor.TestConductor" file="aries_cloudagent/core/tests/test_conductor.py" line="265" name="test_outbound_message_handler_return_route" time="0.005"></testcase><testcase classname="aries_cloudagent.core.tests.test_conductor.TestConductor" file="aries_cloudagent/core/tests/test_conductor.py" line="312" name="test_outbound_message_handler_with_connection" time="0.125"></testcase><testcase classname="aries_cloudagent.core.tests.test_conductor.TestConductor" file="aries_cloudagent/core/tests/test_conductor.py" line="290" name="test_outbound_message_handler_with_target" time="0.080"></testcase><testcase classname="aries_cloudagent.core.tests.test_conductor.TestConductor" file="aries_cloudagent/core/tests/test_conductor.py" line="343" name="test_outbound_message_handler_with_verkey_no_target" time="0.070"></testcase><testcase classname="aries_cloudagent.core.tests.test_conductor.TestConductor" file="aries_cloudagent/core/tests/test_conductor.py" line="648" name="test_print_invite" time="0.009"></testcase><testcase classname="aries_cloudagent.core.tests.test_conductor.TestConductor" file="aries_cloudagent/core/tests/test_conductor.py" line="442" name="test_queue_outbound_ledger_x" time="0.064"></testcase><testcase classname="aries_cloudagent.core.tests.test_conductor.TestConductor" file="aries_cloudagent/core/tests/test_conductor.py" line="525" name="test_setup_collector" time="0.120"></testcase><testcase classname="aries_cloudagent.core.tests.test_conductor.TestConductor" file="aries_cloudagent/core/tests/test_conductor.py" line="196" name="test_setup_x" time="0.101"></testcase><testcase classname="aries_cloudagent.core.tests.test_conductor.TestConductor" file="aries_cloudagent/core/tests/test_conductor.py" line="539" name="test_start_static" time="0.007"><system-out>
::::::::::::::::::::::::::::::::::::::::::::::
:: ACA                                      ::
::                                          ::
::                                          ::
:: Inbound Transports:                      ::
::                                          ::
::                                          ::
:: Outbound Transports:                     ::
::                                          ::
::                                          ::
:: Public DID Information:                  ::
::                                          ::
::   - DID: 44kzG1KTWyr7MiDxou16do          ::
::                                          ::
:: Administration API:                      ::
::                                          ::
::   - not enabled                          ::
::                                          ::
::                               ver: 0.5.4 ::
::::::::::::::::::::::::::::::::::::::::::::::

Listening...

Created static connection for test suite
 - My DID: &lt;MagicMock name=&apos;ConnectionManager().create_static_connection().my_did&apos; id=&apos;140707582347752&apos;&gt;
 - Their DID: &lt;MagicMock name=&apos;ConnectionManager().create_static_connection().their_did&apos; id=&apos;140707582987568&apos;&gt;
 - Their endpoint: True

</system-out></testcase><testcase classname="aries_cloudagent.core.tests.test_conductor.TestConductor" file="aries_cloudagent/core/tests/test_conductor.py" line="554" name="test_start_x_in" time="0.010"></testcase><testcase classname="aries_cloudagent.core.tests.test_conductor.TestConductor" file="aries_cloudagent/core/tests/test_conductor.py" line="573" name="test_start_x_out" time="0.008"></testcase><testcase classname="aries_cloudagent.core.tests.test_conductor.TestConductor" file="aries_cloudagent/core/tests/test_conductor.py" line="94" name="test_startup" time="0.124"></testcase><testcase classname="aries_cloudagent.core.tests.test_conductor.TestConductor" file="aries_cloudagent/core/tests/test_conductor.py" line="129" name="test_startup_no_public_did" time="0.118"></testcase><testcase classname="aries_cloudagent.core.tests.test_conductor.TestConductor" file="aries_cloudagent/core/tests/test_conductor.py" line="162" name="test_stats" time="0.115"></testcase><testcase classname="aries_cloudagent.core.tests.test_conductor.TestConductor" file="aries_cloudagent/core/tests/test_conductor.py" line="665" name="test_webhook_router" time="0.007"></testcase><testcase classname="aries_cloudagent.core.tests.test_dispatcher" file="aries_cloudagent/core/tests/test_dispatcher.py" line="-1" name="FLAKE8" time="0.044"></testcase><testcase classname="aries_cloudagent.core.tests.test_dispatcher.TestDispatcher" file="aries_cloudagent/core/tests/test_dispatcher.py" line="303" name="test_bad_message_dispatch" time="0.005"></testcase><testcase classname="aries_cloudagent.core.tests.test_dispatcher.TestDispatcher" file="aries_cloudagent/core/tests/test_dispatcher.py" line="364" name="test_create_enc_outbound" time="0.005"></testcase><testcase classname="aries_cloudagent.core.tests.test_dispatcher.TestDispatcher" file="aries_cloudagent/core/tests/test_dispatcher.py" line="343" name="test_create_outbound_send_webhook" time="0.005"></testcase><testcase classname="aries_cloudagent.core.tests.test_dispatcher.TestDispatcher" file="aries_c
[...]
ests/test_basic_wallet.py" line="273" name="test_pack_unpack" time="0.001"><skipped message="test requires Indy support" type="pytest.skip">/usr/src/app/conftest.py:63: test requires Indy support</skipped></testcase><testcase classname="aries_cloudagent.wallet.tests.test_indy_wallet.TestIndyWallet" file="aries_cloudagent/wallet/tests/test_basic_wallet.py" line="303" name="test_signature_round_trip" time="0.001"><skipped message="test requires Indy support" type="pytest.skip">/usr/src/app/conftest.py:63: test requires Indy support</skipped></testcase><testcase classname="aries_cloudagent.wallet.tests.test_indy_wallet.TestIndyWallet" file="aries_cloudagent/wallet/tests/test_indy_wallet.py" line="49" name="test_properties" time="0.001"><skipped message="test requires Indy support" type="pytest.skip">/usr/src/app/conftest.py:63: test requires Indy support</skipped></testcase><testcase classname="aries_cloudagent.wallet.tests.test_indy_wallet.TestIndyWallet" file="aries_cloudagent/wallet/tests/test_indy_wallet.py" line="62" name="test_rotate_did_keypair_x" time="0.001"><skipped message="test requires Indy support" type="pytest.skip">/usr/src/app/conftest.py:63: test requires Indy support</skipped></testcase><testcase classname="aries_cloudagent.wallet.tests.test_indy_wallet.TestIndyWallet" file="aries_cloudagent/wallet/tests/test_indy_wallet.py" line="86" name="test_create_signing_key_x" time="0.000"><skipped message="test requires Indy support" type="pytest.skip">/usr/src/app/conftest.py:63: test requires Indy support</skipped></testcase><testcase classname="aries_cloudagent.wallet.tests.test_indy_wallet.TestIndyWallet" file="aries_cloudagent/wallet/tests/test_indy_wallet.py" line="98" name="test_create_local_did_x" time="0.001"><skipped message="test requires Indy support" type="pytest.skip">/usr/src/app/conftest.py:63: test requires Indy support</skipped></testcase><testcase classname="aries_cloudagent.wallet.tests.test_indy_wallet.TestIndyWallet" file="aries_cloudagent/wallet/tests/test_indy_wallet.py" line="110" name="test_set_did_endpoint_ledger" time="0.001"><skipped message="test requires Indy support" type="pytest.skip">/usr/src/app/conftest.py:63: test requires Indy support</skipped></testcase><testcase classname="aries_cloudagent.wallet.tests.test_indy_wallet.TestIndyWallet" file="aries_cloudagent/wallet/tests/test_indy_wallet.py" line="124" name="test_get_signing_key_x" time="0.001"><skipped message="test requires Indy support" type="pytest.skip">/usr/src/app/conftest.py:63: test requires Indy support</skipped></testcase><testcase classname="aries_cloudagent.wallet.tests.test_indy_wallet.TestIndyWallet" file="aries_cloudagent/wallet/tests/test_indy_wallet.py" line="136" name="test_get_local_did_x" time="0.001"><skipped message="test requires Indy support" type="pytest.skip">/usr/src/app/conftest.py:63: test requires Indy support</skipped></testcase><testcase classname="aries_cloudagent.wallet.tests.test_indy_wallet.TestIndyWallet" file="aries_cloudagent/wallet/tests/test_indy_wallet.py" line="148" name="test_verify_message_x" time="0.001"><skipped message="test requires Indy support" type="pytest.skip">/usr/src/app/conftest.py:63: test requires Indy support</skipped></testcase><testcase classname="aries_cloudagent.wallet.tests.test_indy_wallet.TestIndyWallet" file="aries_cloudagent/wallet/tests/test_indy_wallet.py" line="169" name="test_pack_message_x" time="0.001"><skipped message="test requires Indy support" type="pytest.skip">/usr/src/app/conftest.py:63: test requires Indy support</skipped></testcase><testcase classname="aries_cloudagent.wallet.tests.test_indy_wallet.TestWalletCompat" file="aries_cloudagent/wallet/tests/test_indy_wallet.py" line="196" name="test_compare_pack_unpack" time="0.001"><skipped message="test requires Indy support" type="pytest.skip">/usr/src/app/conftest.py:63: test requires Indy support</skipped></testcase><testcase classname="aries_cloudagent.wallet.tests.test_indy_wallet.TestWalletCompat" file="aries_cloudagent/wallet/tests/test_indy_wallet.py" line="217" name="test_mock_coverage" time="0.001"><skipped message="test requires Indy support" type="pytest.skip">/usr/src/app/conftest.py:63: test requires Indy support</skipped></testcase><testcase classname="aries_cloudagent.wallet.tests.test_indy_wallet.TestWalletCompat" file="aries_cloudagent/wallet/tests/test_indy_wallet.py" line="264" name="test_mock_coverage_wallet_exists_x" time="0.001"><skipped message="test requires Indy support" type="pytest.skip">/usr/src/app/conftest.py:63: test requires Indy support</skipped></testcase><testcase classname="aries_cloudagent.wallet.tests.test_indy_wallet.TestWalletCompat" file="aries_cloudagent/wallet/tests/test_indy_wallet.py" line="311" name="test_mock_coverage_wallet_create_x" time="0.000"><skipped message="test requires Indy support" type="pytest.skip">/usr/src/app/conftest.py:63: test requires Indy support</skipped></testcase><testcase classname="aries_cloudagent.wallet.tests.test_indy_wallet.TestWalletCompat" file="aries_cloudagent/wallet/tests/test_indy_wallet.py" line="358" name="test_mock_coverage_remove_x" time="0.001"><skipped message="test requires Indy support" type="pytest.skip">/usr/src/app/conftest.py:63: test requires Indy support</skipped></testcase><testcase classname="aries_cloudagent.wallet.tests.test_indy_wallet.TestWalletCompat" file="aries_cloudagent/wallet/tests/test_indy_wallet.py" line="410" name="test_mock_coverage_double_open" time="0.001"><skipped message="test requires Indy support" type="pytest.skip">/usr/src/app/conftest.py:63: test requires Indy support</skipped></testcase><testcase classname="aries_cloudagent.wallet.tests.test_indy_wallet.TestWalletCompat" file="aries_cloudagent/wallet/tests/test_indy_wallet.py" line="459" name="test_mock_coverage_not_found_after_creation" time="0.001"><skipped message="test requires Indy support" type="pytest.skip">/usr/src/app/conftest.py:63: test requires Indy support</skipped></testcase><testcase classname="aries_cloudagent.wallet.tests.test_indy_wallet.TestWalletCompat" file="aries_cloudagent/wallet/tests/test_indy_wallet.py" line="508" name="test_mock_coverage_open_not_found" time="0.001"><skipped message="test requires Indy support" type="pytest.skip">/usr/src/app/conftest.py:63: test requires Indy support</skipped></testcase><testcase classname="aries_cloudagent.wallet.tests.test_indy_wallet.TestWalletCompat" file="aries_cloudagent/wallet/tests/test_indy_wallet.py" line="557" name="test_mock_coverage_open_indy_already_open_x" time="0.001"><skipped message="test requires Indy support" type="pytest.skip">/usr/src/app/conftest.py:63: test requires Indy support</skipped></testcase><testcase classname="aries_cloudagent.wallet.tests.test_indy_wallet.TestWalletCompat" file="aries_cloudagent/wallet/tests/test_indy_wallet.py" line="606" name="test_mock_coverage_open_x" time="0.001"><skipped message="test requires Indy support" type="pytest.skip">/usr/src/app/conftest.py:63: test requires Indy support</skipped></testcase><testcase classname="aries_cloudagent.wallet.tests.test_indy_wallet.TestWalletCompat" file="aries_cloudagent/wallet/tests/test_indy_wallet.py" line="655" name="test_mock_coverage_open_master_secret_x" time="0.000"><skipped message="test requires Indy support" type="pytest.skip">/usr/src/app/conftest.py:63: test requires Indy support</skipped></testcase><testcase classname="aries_cloudagent.wallet.tests.test_indy_wallet.TestWalletCompat" file="aries_cloudagent/wallet/tests/test_indy_wallet.py" line="704" name="test_mock_coverage_open_master_secret_exists" time="0.001"><skipped message="test requires Indy support" type="pytest.skip">/usr/src/app/conftest.py:63: test requires Indy support</skipped></testcase><testcase classname="aries_cloudagent.wallet.tests.test_indy_wallet.TestWalletCompat" file="aries_cloudagent/wallet/tests/test_indy_wallet.py" line="758" name="test_postgres_wallet_works" time="0.001"><skipped message="test requires Indy support" type="pytest.skip">/usr/src/app/conftest.py:63: test requires Indy support</skipped></testcase><testcase classname="aries_cloudagent.wallet.tests.test_indy_wallet.TestWalletCompat" file="aries_cloudagent/wallet/tests/test_indy_wallet.py" line="795" name="test_postgres_wallet_scheme_works" time="0.001"><skipped message="test requires Indy support" type="pytest.skip">/usr/src/app/conftest.py:63: test requires Indy support</skipped></testcase><testcase classname="aries_cloudagent.wallet.tests.test_indy_wallet.TestWalletCompat" file="aries_cloudagent/wallet/tests/test_indy_wallet.py" line="836" name="test_postgres_wallet_scheme2_works" time="0.001"><skipped message="test requires Indy support" type="pytest.skip">/usr/src/app/conftest.py:63: test requires Indy support</skipped></testcase><testcase classname="aries_cloudagent.wallet.tests.test_plugin" file="aries_cloudagent/wallet/tests/test_plugin.py" line="-1" name="FLAKE8" time="0.039"></testcase><testcase classname="aries_cloudagent.wallet.tests.test_plugin.TestWalletCrypto" file="aries_cloudagent/wallet/tests/test_plugin.py" line="14" name="test_file_ext" time="0.002"></testcase><testcase classname="aries_cloudagent.wallet.tests.test_plugin.TestWalletCrypto" file="aries_cloudagent/wallet/tests/test_plugin.py" line="17" name="test_load_postgres_plugin" time="0.004"></testcase><testcase classname="aries_cloudagent.wallet.tests.test_plugin.TestWalletCrypto" file="aries_cloudagent/wallet/tests/test_plugin.py" line="113" name="test_load_postgres_plugin_bad_json_x_exit" time="0.004"></testcase><testcase classname="aries_cloudagent.wallet.tests.test_plugin.TestWalletCrypto" file="aries_cloudagent/wallet/tests/test_plugin.py" line="96" name="test_load_postgres_plugin_bad_json_x_raise" time="0.003"></testcase><testcase classname="aries_cloudagent.wallet.tests.test_plugin.TestWalletCrypto" file="aries_cloudagent/wallet/tests/test_plugin.py" line="80" name="test_load_postgres_plugin_config_x_exit" time="0.005"></testcase><testcase classname="aries_cloudagent.wallet.tests.test_plugin.TestWalletCrypto" file="aries_cloudagent/wallet/tests/test_plugin.py" line="63" name="test_load_postgres_plugin_config_x_raise" time="0.003"></testcase><testcase classname="aries_cloudagent.wallet.tests.test_plugin.TestWalletCrypto" file="aries_cloudagent/wallet/tests/test_plugin.py" line="48" name="test_load_postgres_plugin_init_x_exit" time="0.003"></testcase><testcase classname="aries_cloudagent.wallet.tests.test_plugin.TestWalletCrypto" file="aries_cloudagent/wallet/tests/test_plugin.py" line="32" name="test_load_postgres_plugin_init_x_raise" time="0.003"></testcase><testcase classname="aries_cloudagent.wallet.tests.test_provider" file="aries_cloudagent/wallet/tests/test_provider.py" line="-1" name="FLAKE8" time="0.038"></testcase><testcase classname="aries_cloudagent.wallet.tests.test_provider.TestProvider" file="aries_cloudagent/wallet/tests/test_provider.py" line="9" name="test_provide_basic" time="0.003"></testcase><testcase classname="aries_cloudagent.wallet.tests.test_provider.TestProvider" file="aries_cloudagent/wallet/tests/test_provider.py" line="27" name="test_provide_indy" time="0.001"><skipped message="test requires Indy support" type="pytest.skip">/usr/src/app/conftest.py:63: test requires Indy support</skipped></testcase><testcase classname="aries_cloudagent.wallet.tests.test_routes" file="aries_cloudagent/wallet/tests/test_routes.py" line="-1" name="FLAKE8" time="0.043"></testcase><testcase classname="aries_cloudagent.wallet.tests.test_routes.TestWalletRoutes" file="aries_cloudagent/wallet/tests/test_routes.py" line="74" name="test_create_did" time="0.028"></testcase><testcase classname="aries_cloudagent.wallet.tests.test_routes.TestWalletRoutes" file="aries_cloudagent/wallet/tests/test_routes.py" line="95" name="test_create_did_x" time="0.026"></testcase><testcase classname="aries_cloudagent.wallet.tests.test_routes.TestWalletRoutes" file="aries_cloudagent/wallet/tests/test_routes.py" line="102" name="test_did_list" time="0.026"></testcase><testcase classname="aries_cloudagent.wallet.tests.test_routes.TestWalletRoutes" file="aries_cloudagent/wallet/tests/test_routes.py" line="206" name="test_did_list_filter_did" time="0.024"></testcase><testcase classname="aries_cloudagent.wallet.tests.test_routes.TestWalletRoutes" file="aries_cloudagent/wallet/tests/test_routes.py" line="231" name="test_did_list_filter_did_x" time="0.023"></testcase><testcase classname="aries_cloudagent.wallet.tests.test_routes.TestWalletRoutes" file="aries_cloudagent/wallet/tests/test_routes.py" line="171" name="test_did_list_filter_posted" time="0.027"></testcase><testcase classname="aries_cloudagent.wallet.tests.test_routes.TestWalletRoutes" file="aries_cloudagent/wallet/tests/test_routes.py" line="139" name="test_did_list_filter_public" time="0.027"></testcase><testcase classname="aries_cloudagent.wallet.tests.test_routes.TestWalletRoutes" file="aries_cloudagent/wallet/tests/test_routes.py" line="244" name="test_did_list_filter_verkey" time="0.025"></testcase><testcase classname="aries_cloudagent.wallet.tests.test_routes.TestWalletRoutes" file="aries_cloudagent/wallet/tests/test_routes.py" line="269" name="test_did_list_filter_verkey_x" time="0.027"></testcase><testcase classname="aries_cloudagent.wallet.tests.test_routes.TestWalletRoutes" file="aries_cloudagent/wallet/tests/test_routes.py" line="51" name="test_format_did_info" time="0.024"></testcase><testcase classname="aries_cloudagent.wallet.tests.test_routes.TestWalletRoutes" file="aries_cloudagent/wallet/tests/test_routes.py" line="557" name="test_get_did_endpoint" time="0.031"></testcase><testcase classname="aries_cloudagent.wallet.tests.test_routes.TestWalletRoutes" file="aries_cloudagent/wallet/tests/test_routes.py" line="581" name="test_get_did_endpoint_no_did" time="0.044"></testcase><testcase classname="aries_cloudagent.wallet.tests.test_routes.TestWalletRoutes" file="aries_cloudagent/wallet/tests/test_routes.py" line="589" name="test_get_did_endpoint_no_wallet_did" time="0.054"></testcase><testcase classname="aries_cloudagent.wallet.tests.test_routes.TestWalletRoutes" file="aries_cloudagent/wallet/tests/test_routes.py" line="599" name="test_get_did_endpoint_wallet_x" time="0.042"></testcase><testcase classname="aries_cloudagent.wallet.tests.test_routes.TestWalletRoutes" file="aries_cloudagent/wallet/tests/test_routes.py" line="282" name="test_get_public_did" time="0.033"></testcase><testcase classname="aries_cloudagent.wallet.tests.test_routes.TestWalletRoutes" file="aries_cloudagent/wallet/tests/test_routes.py" line="303" name="test_get_public_did_x" time="0.027"></testcase><testcase classname="aries_cloudagent.wallet.tests.test_routes.TestWalletRoutes" file="aries_cloudagent/wallet/tests/test_routes.py" line="28" name="test_missing_wallet" time="0.027"></testcase><testcase classname="aries_cloudagent.wallet.tests.test_routes.TestWalletRoutes" file="aries_cloudagent/wallet/tests/test_routes.py" line="681" name="test_post_process_routes" time="0.026"></testcase><testcase classname="aries_cloudagent.wallet.tests.test_routes.TestWalletRoutes" file="aries_cloudagent/wallet/tests/test_routes.py" line="674" name="test_register" time="0.034"></testcase><testcase classname="aries_cloudagent.wallet.tests.test_routes.TestWalletRoutes" file="aries_cloudagent/wallet/tests/test_routes.py" line="609" name="test_rotate_did_keypair" time="0.032"></testcase><testcase classname="aries_cloudagent.wallet.tests.test_routes.TestWalletRoutes" file="aries_cloudagent/wallet/tests/test_routes.py" line="643" name="test_rotate_did_keypair_did_not_local" time="0.023"></testcase><testcase classname="aries_cloudagent.wallet.tests.test_routes.TestWalletRoutes" file="aries_cloudagent/wallet/tests/test_routes.py" line="626" name="test_rotate_did_keypair_missing_wallet" time="0.035"></testcase><testcase classname="aries_cloudagent.wallet.tests.test_routes.TestWalletRoutes" file="aries_cloudagent/wallet/tests/test_routes.py" line="635" name="test_rotate_did_keypair_no_query_did" time="0.026"></testcase><testcase classname="aries_cloudagent.wallet.tests.test_routes.TestWalletRoutes" file="aries_cloudagent/wallet/tests/test_routes.py" line="660" name="test_rotate_did_keypair_x" time="0.027"></testcase><testcase classname="aries_cloudagent.wallet.tests.test_routes.TestWalletRoutes" file="aries_cloudagent/wallet/tests/test_routes.py" line="461" name="test_set_did_endpoint" time="0.036"></testcase><testcase classname="aries_cloudagent.wallet.tests.test_routes.TestWalletRoutes" file="aries_cloudagent/wallet/tests/test_routes.py" line="536" name="test_set_did_endpoint_no_wallet_did" time="0.027"></testcase><testcase classname="aries_cloudagent.wallet.tests.test_routes.TestWalletRoutes" file="aries_cloudagent/wallet/tests/test_routes.py" line="492" name="test_set_did_endpoint_public_did_no_ledger" time="0.028"></testcase><testcase classname="aries_cloudagent.wallet.tests.test_routes.TestWalletRoutes" file="aries_cloudagent/wallet/tests/test_routes.py" line="515" name="test_set_did_endpoint_x" time="0.025"></testcase><testcase classname="aries_cloudagent.wallet.tests.test_routes.TestWalletRoutes" file="aries_cloudagent/wallet/tests/test_routes.py" line="310" name="test_set_public_did" time="0.033"></testcase><testcase classname="aries_cloudagent.wallet.tests.test_routes.TestWalletRoutes" file="aries_cloudagent/wallet/tests/test_routes.py" line="349" name="test_set_public_did_no_ledger" time="0.026"></testcase><testcase classname="aries_cloudagent.wallet.tests.test_routes.TestWalletRoutes" file="aries_cloudagent/wallet/tests/test_routes.py" line="341" name="test_set_public_did_no_query_did" time="0.028"></testcase><testcase classname="aries_cloudagent.wallet.tests.test_routes.TestWalletRoutes" file="aries_cloudagent/wallet/tests/test_routes.py" line="408" name="test_set_public_did_no_wallet_did" time="0.031"></testcase><testcase classname="aries_cloudagent.wallet.tests.test_routes.TestWalletRoutes" file="aries_cloudagent/wallet/tests/test_routes.py" line="371" name="test_set_public_did_not_found" time="0.024"></testcase><testcase classname="aries_cloudagent.wallet.tests.test_routes.TestWalletRoutes" file="aries_cloudagent/wallet/tests/test_routes.py" line="357" name="test_set_public_did_not_public" time="0.023"></testcase><testcase classname="aries_cloudagent.wallet.tests.test_routes.TestWalletRoutes" file="aries_cloudagent/wallet/tests/test_routes.py" line="430" name="test_set_public_did_update_endpoint" time="0.035"></testcase><testcase classname="aries_cloudagent.wallet.tests.test_routes.TestWalletRoutes" file="aries_cloudagent/wallet/tests/test_routes.py" line="386" name="test_set_public_did_x" time="0.031"></testcase><testcase classname="aries_cloudagent.wallet.tests.test_util" file="aries_cloudagent/wallet/tests/test_util.py" line="-1" name="FLAKE8" time="0.039"></testcase><testcase classname="aries_cloudagent.wallet.tests.test_util.TestUtil" file="aries_cloudagent/wallet/tests/test_util.py" line="63" name="test_b58" time="0.001"></testcase><testcase classname="aries_cloudagent.wallet.tests.test_util.TestUtil" file="aries_cloudagent/wallet/tests/test_util.py" line="37" name="test_b64_str" time="0.001"></testcase><testcase classname="aries_cloudagent.wallet.tests.test_util.TestUtil" file="aries_cloudagent/wallet/tests/test_util.py" line="23" name="test_b64_urlsafe" time="0.002"></testcase><testcase classname="aries_cloudagent.wallet.tests.test_util.TestUtil" file="aries_cloudagent/wallet/tests/test_util.py" line="73" name="test_did_key_to_naked" time="0.002"></testcase><testcase classname="aries_cloudagent.wallet.tests.test_util.TestUtil" file="aries_cloudagent/wallet/tests/test_util.py" line="67" name="test_naked_to_did_key" time="0.001"></testcase><testcase classname="aries_cloudagent.wallet.tests.test_util.TestUtil" file="aries_cloudagent/wallet/tests/test_util.py" line="56" name="test_pad" time="0.001"></testcase></testsuite>